bed file exists.
bed file exists.
Conversion complete. Output saved to /public/home/xiayini/project/nanopore_ATRX/3_1_methylation_analysis/results/filter2Reads/s31222_a509/three_locations/chr2.modifis_disappear.bed
Conversion complete. Output saved to /public/home/xiayini/project/nanopore_ATRX/3_1_methylation_analysis/results/filter2Reads/s31222_a509/three_locations/chr2.modifis_grow.bed
Conversion complete. Output saved to /public/home/xiayini/project/nanopore_ATRX/3_1_methylation_analysis/results/filter2Reads/s31222_a509/three_locations/chr3.modifis_disappear.bed
Conversion complete. Output saved to /public/home/xiayini/project/nanopore_ATRX/3_1_methylation_analysis/results/filter2Reads/s31222_a509/three_locations/chr3.modifis_grow.bed
Conversion complete. Output saved to /public/home/xiayini/project/nanopore_ATRX/3_1_methylation_analysis/results/filter2Reads/s31222_a509/three_locations/chr4.modifis_disappear.bed
Conversion complete. Output saved to /public/home/xiayini/project/nanopore_ATRX/3_1_methylation_analysis/results/filter2Reads/s31222_a509/three_locations/chr4.modifis_grow.bed
Conversion complete. Output saved to /public/home/xiayini/project/nanopore_ATRX/3_1_methylation_analysis/results/filter2Reads/s31222_a509/three_locations/chr5.modifis_disappear.bed
Conversion complete. Output saved to /public/home/xiayini/project/nanopore_ATRX/3_1_methylation_analysis/results/filter2Reads/s31222_a509/three_locations/chr5.modifis_grow.bed
Conversion complete. Output saved to /public/home/xiayini/project/nanopore_ATRX/3_1_methylation_analysis/results/filter2Reads/s31222_a509/three_locations/chr6.modifis_disappear.bed
Conversion complete. Output saved to /public/home/xiayini/project/nanopore_ATRX/3_1_methylation_analysis/results/filter2Reads/s31222_a509/three_locations/chr6.modifis_grow.bed
Conversion complete. Output saved to /public/home/xiayini/project/nanopore_ATRX/3_1_methylation_analysis/results/filter2Reads/s31222_a509/three_locations/chr7.modifis_disappear.bed
Conversion complete. Output saved to /public/home/xiayini/project/nanopore_ATRX/3_1_methylation_analysis/results/filter2Reads/s31222_a509/three_locations/chr7.modifis_grow.bed
Conversion complete. Output saved to /public/home/xiayini/project/nanopore_ATRX/3_1_methylation_analysis/results/filter2Reads/s31222_a509/three_locations/chr8.modifis_disappear.bed
Conversion complete. Output saved to /public/home/xiayini/project/nanopore_ATRX/3_1_methylation_analysis/results/filter2Reads/s31222_a509/three_locations/chr8.modifis_grow.bed
Conversion complete. Output saved to /public/home/xiayini/project/nanopore_ATRX/3_1_methylation_analysis/results/filter2Reads/s31222_a509/three_locations/chr9.modifis_disappear.bed
Conversion complete. Output saved to /public/home/xiayini/project/nanopore_ATRX/3_1_methylation_analysis/results/filter2Reads/s31222_a509/three_locations/chr9.modifis_grow.bed
Conversion complete. Output saved to /public/home/xiayini/project/nanopore_ATRX/3_1_methylation_analysis/results/filter2Reads/s31222_a509/three_locations/chr10.modifis_disappear.bed
Conversion complete. Output saved to /public/home/xiayini/project/nanopore_ATRX/3_1_methylation_analysis/results/filter2Reads/s31222_a509/three_locations/chr10.modifis_grow.bed
Conversion complete. Output saved to /public/home/xiayini/project/nanopore_ATRX/3_1_methylation_analysis/results/filter2Reads/s31222_a509/three_locations/chr11.modifis_disappear.bed
Conversion complete. Output saved to /public/home/xiayini/project/nanopore_ATRX/3_1_methylation_analysis/results/filter2Reads/s31222_a509/three_locations/chr11.modifis_grow.bed
Conversion complete. Output saved to /public/home/xiayini/project/nanopore_ATRX/3_1_methylation_analysis/results/filter2Reads/s31222_a509/three_locations/chr12.modifis_disappear.bed
Conversion complete. Output saved to /public/home/xiayini/project/nanopore_ATRX/3_1_methylation_analysis/results/filter2Reads/s31222_a509/three_locations/chr12.modifis_grow.bed
Conversion complete. Output saved to /public/home/xiayini/project/nanopore_ATRX/3_1_methylation_analysis/results/filter2Reads/s31222_a509/three_locations/chr13.modifis_disappear.bed
Conversion complete. Output saved to /public/home/xiayini/project/nanopore_ATRX/3_1_methylation_analysis/results/filter2Reads/s31222_a509/three_locations/chr13.modifis_grow.bed
Conversion complete. Output saved to /public/home/xiayini/project/nanopore_ATRX/3_1_methylation_analysis/results/filter2Reads/s31222_a509/three_locations/chr14.modifis_disappear.bed
Conversion complete. Output saved to /public/home/xiayini/project/nanopore_ATRX/3_1_methylation_analysis/results/filter2Reads/s31222_a509/three_locations/chr14.modifis_grow.bed
Conversion complete. Output saved to /public/home/xiayini/project/nanopore_ATRX/3_1_methylation_analysis/results/filter2Reads/s31222_a509/three_locations/chr15.modifis_disappear.bed
Conversion complete. Output saved to /public/home/xiayini/project/nanopore_ATRX/3_1_methylation_analysis/results/filter2Reads/s31222_a509/three_locations/chr15.modifis_grow.bed
Conversion complete. Output saved to /public/home/xiayini/project/nanopore_ATRX/3_1_methylation_analysis/results/filter2Reads/s31222_a509/three_locations/chr16.modifis_disappear.bed
Conversion complete. Output saved to /public/home/xiayini/project/nanopore_ATRX/3_1_methylation_analysis/results/filter2Reads/s31222_a509/three_locations/chr16.modifis_grow.bed
Conversion complete. Output saved to /public/home/xiayini/project/nanopore_ATRX/3_1_methylation_analysis/results/filter2Reads/s31222_a509/three_locations/chr17.modifis_disappear.bed
Conversion complete. Output saved to /public/home/xiayini/project/nanopore_ATRX/3_1_methylation_analysis/results/filter2Reads/s31222_a509/three_locations/chr17.modifis_grow.bed
Conversion complete. Output saved to /public/home/xiayini/project/nanopore_ATRX/3_1_methylation_analysis/results/filter2Reads/s31222_a509/three_locations/chr18.modifis_disappear.bed
Conversion complete. Output saved to /public/home/xiayini/project/nanopore_ATRX/3_1_methylation_analysis/results/filter2Reads/s31222_a509/three_locations/chr18.modifis_grow.bed
Conversion complete. Output saved to /public/home/xiayini/project/nanopore_ATRX/3_1_methylation_analysis/results/filter2Reads/s31222_a509/three_locations/chr19.modifis_disappear.bed
Conversion complete. Output saved to /public/home/xiayini/project/nanopore_ATRX/3_1_methylation_analysis/results/filter2Reads/s31222_a509/three_locations/chr19.modifis_grow.bed
Conversion complete. Output saved to /public/home/xiayini/project/nanopore_ATRX/3_1_methylation_analysis/results/filter2Reads/s31222_a509/three_locations/chr20.modifis_disappear.bed
Conversion complete. Output saved to /public/home/xiayini/project/nanopore_ATRX/3_1_methylation_analysis/results/filter2Reads/s31222_a509/three_locations/chr20.modifis_grow.bed
Conversion complete. Output saved to /public/home/xiayini/project/nanopore_ATRX/3_1_methylation_analysis/results/filter2Reads/s31222_a509/three_locations/chr21.modifis_disappear.bed
Conversion complete. Output saved to /public/home/xiayini/project/nanopore_ATRX/3_1_methylation_analysis/results/filter2Reads/s31222_a509/three_locations/chr21.modifis_grow.bed
Conversion complete. Output saved to /public/home/xiayini/project/nanopore_ATRX/3_1_methylation_analysis/results/filter2Reads/s31222_a509/three_locations/chr22.modifis_disappear.bed
Conversion complete. Output saved to /public/home/xiayini/project/nanopore_ATRX/3_1_methylation_analysis/results/filter2Reads/s31222_a509/three_locations/chr22.modifis_grow.bed
Conversion complete. Output saved to /public/home/xiayini/project/nanopore_ATRX/3_1_methylation_analysis/results/filter2Reads/s31222_a509/three_locations/chrX.modifis_disappear.bed
Conversion complete. Output saved to /public/home/xiayini/project/nanopore_ATRX/3_1_methylation_analysis/results/filter2Reads/s31222_a509/three_locations/chrX.modifis_grow.bed
Conversion complete. Output saved to /public/home/xiayini/project/nanopore_ATRX/3_1_methylation_analysis/results/filter2Reads/s31222_a509/three_locations/chrY.modifis_disappear.bed
Conversion complete. Output saved to /public/home/xiayini/project/nanopore_ATRX/3_1_methylation_analysis/results/filter2Reads/s31222_a509/three_locations/chrY.modifis_grow.bed
