Conversion complete. Output saved to /public/home/xiayini/project/nanopore_ATRX/3_1_methylation_analysis/results/filter2Reads/s31222_a509_3/three_locations/chr1.0.5.modifis_disappear.bed
Conversion complete. Output saved to /public/home/xiayini/project/nanopore_ATRX/3_1_methylation_analysis/results/filter2Reads/s31222_a509_3/three_locations/chr1.0.5.modifis_grow.bed
Conversion complete. Output saved to /public/home/xiayini/project/nanopore_ATRX/3_1_methylation_analysis/results/filter2Reads/s31222_a509_3/three_locations/chr2.0.5.modifis_disappear.bed
Conversion complete. Output saved to /public/home/xiayini/project/nanopore_ATRX/3_1_methylation_analysis/results/filter2Reads/s31222_a509_3/three_locations/chr2.0.5.modifis_grow.bed
Conversion complete. Output saved to /public/home/xiayini/project/nanopore_ATRX/3_1_methylation_analysis/results/filter2Reads/s31222_a509_3/three_locations/chr3.0.5.modifis_disappear.bed
Conversion complete. Output saved to /public/home/xiayini/project/nanopore_ATRX/3_1_methylation_analysis/results/filter2Reads/s31222_a509_3/three_locations/chr3.0.5.modifis_grow.bed
Conversion complete. Output saved to /public/home/xiayini/project/nanopore_ATRX/3_1_methylation_analysis/results/filter2Reads/s31222_a509_3/three_locations/chr4.0.5.modifis_disappear.bed
Conversion complete. Output saved to /public/home/xiayini/project/nanopore_ATRX/3_1_methylation_analysis/results/filter2Reads/s31222_a509_3/three_locations/chr4.0.5.modifis_grow.bed
Conversion complete. Output saved to /public/home/xiayini/project/nanopore_ATRX/3_1_methylation_analysis/results/filter2Reads/s31222_a509_3/three_locations/chr5.0.5.modifis_disappear.bed
Conversion complete. Output saved to /public/home/xiayini/project/nanopore_ATRX/3_1_methylation_analysis/results/filter2Reads/s31222_a509_3/three_locations/chr5.0.5.modifis_grow.bed
Conversion complete. Output saved to /public/home/xiayini/project/nanopore_ATRX/3_1_methylation_analysis/results/filter2Reads/s31222_a509_3/three_locations/chr6.0.5.modifis_disappear.bed
Conversion complete. Output saved to /public/home/xiayini/project/nanopore_ATRX/3_1_methylation_analysis/results/filter2Reads/s31222_a509_3/three_locations/chr6.0.5.modifis_grow.bed
Conversion complete. Output saved to /public/home/xiayini/project/nanopore_ATRX/3_1_methylation_analysis/results/filter2Reads/s31222_a509_3/three_locations/chr7.0.5.modifis_disappear.bed
Conversion complete. Output saved to /public/home/xiayini/project/nanopore_ATRX/3_1_methylation_analysis/results/filter2Reads/s31222_a509_3/three_locations/chr7.0.5.modifis_grow.bed
Conversion complete. Output saved to /public/home/xiayini/project/nanopore_ATRX/3_1_methylation_analysis/results/filter2Reads/s31222_a509_3/three_locations/chr8.0.5.modifis_disappear.bed
Conversion complete. Output saved to /public/home/xiayini/project/nanopore_ATRX/3_1_methylation_analysis/results/filter2Reads/s31222_a509_3/three_locations/chr8.0.5.modifis_grow.bed
Conversion complete. Output saved to /public/home/xiayini/project/nanopore_ATRX/3_1_methylation_analysis/results/filter2Reads/s31222_a509_3/three_locations/chr9.0.5.modifis_disappear.bed
Conversion complete. Output saved to /public/home/xiayini/project/nanopore_ATRX/3_1_methylation_analysis/results/filter2Reads/s31222_a509_3/three_locations/chr9.0.5.modifis_grow.bed
Conversion complete. Output saved to /public/home/xiayini/project/nanopore_ATRX/3_1_methylation_analysis/results/filter2Reads/s31222_a509_3/three_locations/chr10.0.5.modifis_disappear.bed
Conversion complete. Output saved to /public/home/xiayini/project/nanopore_ATRX/3_1_methylation_analysis/results/filter2Reads/s31222_a509_3/three_locations/chr10.0.5.modifis_grow.bed
Conversion complete. Output saved to /public/home/xiayini/project/nanopore_ATRX/3_1_methylation_analysis/results/filter2Reads/s31222_a509_3/three_locations/chr11.0.5.modifis_disappear.bed
Conversion complete. Output saved to /public/home/xiayini/project/nanopore_ATRX/3_1_methylation_analysis/results/filter2Reads/s31222_a509_3/three_locations/chr11.0.5.modifis_grow.bed
Conversion complete. Output saved to /public/home/xiayini/project/nanopore_ATRX/3_1_methylation_analysis/results/filter2Reads/s31222_a509_3/three_locations/chr12.0.5.modifis_disappear.bed
Conversion complete. Output saved to /public/home/xiayini/project/nanopore_ATRX/3_1_methylation_analysis/results/filter2Reads/s31222_a509_3/three_locations/chr12.0.5.modifis_grow.bed
Conversion complete. Output saved to /public/home/xiayini/project/nanopore_ATRX/3_1_methylation_analysis/results/filter2Reads/s31222_a509_3/three_locations/chr13.0.5.modifis_disappear.bed
Conversion complete. Output saved to /public/home/xiayini/project/nanopore_ATRX/3_1_methylation_analysis/results/filter2Reads/s31222_a509_3/three_locations/chr13.0.5.modifis_grow.bed
Conversion complete. Output saved to /public/home/xiayini/project/nanopore_ATRX/3_1_methylation_analysis/results/filter2Reads/s31222_a509_3/three_locations/chr14.0.5.modifis_disappear.bed
Conversion complete. Output saved to /public/home/xiayini/project/nanopore_ATRX/3_1_methylation_analysis/results/filter2Reads/s31222_a509_3/three_locations/chr14.0.5.modifis_grow.bed
Conversion complete. Output saved to /public/home/xiayini/project/nanopore_ATRX/3_1_methylation_analysis/results/filter2Reads/s31222_a509_3/three_locations/chr15.0.5.modifis_disappear.bed
Conversion complete. Output saved to /public/home/xiayini/project/nanopore_ATRX/3_1_methylation_analysis/results/filter2Reads/s31222_a509_3/three_locations/chr15.0.5.modifis_grow.bed
Conversion complete. Output saved to /public/home/xiayini/project/nanopore_ATRX/3_1_methylation_analysis/results/filter2Reads/s31222_a509_3/three_locations/chr16.0.5.modifis_disappear.bed
Conversion complete. Output saved to /public/home/xiayini/project/nanopore_ATRX/3_1_methylation_analysis/results/filter2Reads/s31222_a509_3/three_locations/chr16.0.5.modifis_grow.bed
Conversion complete. Output saved to /public/home/xiayini/project/nanopore_ATRX/3_1_methylation_analysis/results/filter2Reads/s31222_a509_3/three_locations/chr17.0.5.modifis_disappear.bed
Conversion complete. Output saved to /public/home/xiayini/project/nanopore_ATRX/3_1_methylation_analysis/results/filter2Reads/s31222_a509_3/three_locations/chr17.0.5.modifis_grow.bed
Conversion complete. Output saved to /public/home/xiayini/project/nanopore_ATRX/3_1_methylation_analysis/results/filter2Reads/s31222_a509_3/three_locations/chr18.0.5.modifis_disappear.bed
Conversion complete. Output saved to /public/home/xiayini/project/nanopore_ATRX/3_1_methylation_analysis/results/filter2Reads/s31222_a509_3/three_locations/chr18.0.5.modifis_grow.bed
Conversion complete. Output saved to /public/home/xiayini/project/nanopore_ATRX/3_1_methylation_analysis/results/filter2Reads/s31222_a509_3/three_locations/chr19.0.5.modifis_disappear.bed
Conversion complete. Output saved to /public/home/xiayini/project/nanopore_ATRX/3_1_methylation_analysis/results/filter2Reads/s31222_a509_3/three_locations/chr19.0.5.modifis_grow.bed
Conversion complete. Output saved to /public/home/xiayini/project/nanopore_ATRX/3_1_methylation_analysis/results/filter2Reads/s31222_a509_3/three_locations/chr20.0.5.modifis_disappear.bed
Conversion complete. Output saved to /public/home/xiayini/project/nanopore_ATRX/3_1_methylation_analysis/results/filter2Reads/s31222_a509_3/three_locations/chr20.0.5.modifis_grow.bed
Conversion complete. Output saved to /public/home/xiayini/project/nanopore_ATRX/3_1_methylation_analysis/results/filter2Reads/s31222_a509_3/three_locations/chr21.0.5.modifis_disappear.bed
Conversion complete. Output saved to /public/home/xiayini/project/nanopore_ATRX/3_1_methylation_analysis/results/filter2Reads/s31222_a509_3/three_locations/chr21.0.5.modifis_grow.bed
Conversion complete. Output saved to /public/home/xiayini/project/nanopore_ATRX/3_1_methylation_analysis/results/filter2Reads/s31222_a509_3/three_locations/chr22.0.5.modifis_disappear.bed
Conversion complete. Output saved to /public/home/xiayini/project/nanopore_ATRX/3_1_methylation_analysis/results/filter2Reads/s31222_a509_3/three_locations/chr22.0.5.modifis_grow.bed
Conversion complete. Output saved to /public/home/xiayini/project/nanopore_ATRX/3_1_methylation_analysis/results/filter2Reads/s31222_a509_3/three_locations/chrX.0.5.modifis_disappear.bed
Conversion complete. Output saved to /public/home/xiayini/project/nanopore_ATRX/3_1_methylation_analysis/results/filter2Reads/s31222_a509_3/three_locations/chrX.0.5.modifis_grow.bed
Conversion complete. Output saved to /public/home/xiayini/project/nanopore_ATRX/3_1_methylation_analysis/results/filter2Reads/s31222_a509_3/three_locations/chrY.0.5.modifis_disappear.bed
Conversion complete. Output saved to /public/home/xiayini/project/nanopore_ATRX/3_1_methylation_analysis/results/filter2Reads/s31222_a509_3/three_locations/chrY.0.5.modifis_grow.bed
