2023-11-02 12:23:54,230 [INFO] Running /public/home/xiayini/anaconda3/envs/cuteSV/bin/cuteSV -t 40 --min_size 50 --max_size 50000000 -S res --report_readid --min_support 1 --genotype --max_cluster_bias_INS 100 --diff_ratio_merging_INS 0.3 --max_cluster_bias_DEL 100 --diff_ratio_merging_DEL 0.3 -q 20 /public/home/xiayini/project/nanopore_ATRX/2_vcfV2_analysis/data/joint_multi/difference_a509_s31222/all.merge.bam /public/home/xiayini/reference/chm13v2.0.name.fa /public/home/xiayini/project/nanopore_ATRX/2_vcfV2_analysis/data/joint_multi/difference_a509_s31222/cutesv.vcf --retain_work_dir /public/home/xiayini/project/nanopore_ATRX/2_vcfV2_analysis/data/joint_multi/difference_a509_s31222
2023-11-02 12:23:54,416 [INFO] The total number of chromsomes: 25
2023-11-02 12:24:07,251 [INFO] Finished chr1:130000000-140000000.
slurmstepd: error: *** JOB 258058 ON comput13 CANCELLED AT 2023-11-02T12:25:34 ***
2023-11-02 12:26:21,018 [INFO] Finished chr1:140000000-150000000.
2023-11-02 12:29:18,373 [INFO] Finished chr2:90000000-100000000.
2023-11-02 12:33:25,693 [INFO] Finished chr1:240000000-248387328.
2023-11-02 12:33:45,046 [INFO] Finished chr2:80000000-90000000.
2023-11-02 12:34:59,684 [INFO] Finished chr2:110000000-120000000.
2023-11-02 12:35:28,426 [INFO] Finished chr2:130000000-140000000.
2023-11-02 12:35:29,463 [INFO] Finished chr1:100000000-110000000.
2023-11-02 12:35:55,087 [INFO] Finished chr1:10000000-20000000.
2023-11-02 12:35:58,464 [INFO] Finished chr1:230000000-240000000.
2023-11-02 12:36:01,807 [INFO] Finished chr1:180000000-190000000.
2023-11-02 12:36:02,869 [INFO] Finished chr1:190000000-200000000.
2023-11-02 12:36:07,368 [INFO] Finished chr2:50000000-60000000.
2023-11-02 12:36:07,814 [INFO] Finished chr1:160000000-170000000.
2023-11-02 12:36:08,307 [INFO] Finished chr1:220000000-230000000.
2023-11-02 12:36:08,755 [INFO] Finished chr2:30000000-40000000.
2023-11-02 12:36:08,808 [INFO] Finished chr2:140000000-150000000.
2023-11-02 12:36:12,162 [INFO] Finished chr1:80000000-90000000.
2023-11-02 12:36:15,040 [INFO] Finished chr1:20000000-30000000.
2023-11-02 12:36:15,318 [INFO] Finished chr1:70000000-80000000.
2023-11-02 12:36:16,204 [INFO] Finished chr2:40000000-50000000.
2023-11-02 12:36:16,847 [INFO] Finished chr1:60000000-70000000.
2023-11-02 12:36:19,902 [INFO] Finished chr1:30000000-40000000.
2023-11-02 12:36:21,617 [INFO] Finished chr2:0-10000000.
2023-11-02 12:36:22,486 [INFO] Finished chr2:120000000-130000000.
2023-11-02 12:36:24,202 [INFO] Finished chr1:210000000-220000000.
2023-11-02 12:36:25,592 [INFO] Finished chr2:20000000-30000000.
2023-11-02 12:36:28,561 [INFO] Finished chr2:100000000-110000000.
2023-11-02 12:36:33,567 [INFO] Finished chr1:150000000-160000000.
2023-11-02 12:36:35,924 [INFO] Finished chr1:0-10000000.
2023-11-02 12:36:36,843 [INFO] Finished chr2:150000000-160000000.
2023-11-02 12:36:37,963 [INFO] Finished chr1:40000000-50000000.
2023-11-02 12:36:39,447 [INFO] Finished chr1:200000000-210000000.
2023-11-02 12:36:39,575 [INFO] Finished chr2:10000000-20000000.
2023-11-02 12:36:40,168 [INFO] Finished chr1:50000000-60000000.
2023-11-02 12:36:42,184 [INFO] Finished chr1:110000000-120000000.
2023-11-02 12:36:42,293 [INFO] Finished chr2:70000000-80000000.
2023-11-02 12:36:42,305 [INFO] Finished chr2:60000000-70000000.
2023-11-02 12:36:45,178 [INFO] Finished chr1:90000000-100000000.
2023-11-02 12:36:56,643 [INFO] Finished chr1:170000000-180000000.
2023-11-02 12:38:11,478 [INFO] Finished chr3:200000000-201105948.
2023-11-02 12:39:00,099 [INFO] Finished chr2:160000000-170000000.
2023-11-02 12:40:22,110 [INFO] Finished chr2:240000000-242696752.
2023-11-02 12:42:31,538 [INFO] Finished chr2:170000000-180000000.
2023-11-02 12:44:02,075 [INFO] Finished chr3:90000000-100000000.
2023-11-02 12:44:37,251 [INFO] Finished chr4:50000000-60000000.
2023-11-02 12:45:24,325 [INFO] Finished chr2:180000000-190000000.
2023-11-02 12:49:36,961 [INFO] Finished chr2:190000000-200000000.
2023-11-02 12:50:06,753 [INFO] Finished chr2:200000000-210000000.
2023-11-02 12:51:21,145 [INFO] Finished chr2:210000000-220000000.
2023-11-02 12:51:26,184 [INFO] Finished chr4:40000000-50000000.
2023-11-02 12:51:33,451 [INFO] Finished chr3:80000000-90000000.
2023-11-02 12:51:55,324 [INFO] Finished chr4:60000000-70000000.
2023-11-02 12:52:01,082 [INFO] Finished chr2:230000000-240000000.
2023-11-02 12:52:03,727 [INFO] Finished chr3:0-10000000.
2023-11-02 12:52:07,565 [INFO] Finished chr2:220000000-230000000.
2023-11-02 12:52:11,585 [INFO] Finished chr3:160000000-170000000.
2023-11-02 12:52:17,744 [INFO] Finished chr4:30000000-40000000.
2023-11-02 12:52:17,776 [INFO] Finished chr3:70000000-80000000.
2023-11-02 12:52:20,130 [INFO] Finished chr3:20000000-30000000.
2023-11-02 12:52:20,138 [INFO] Finished chr3:10000000-20000000.
2023-11-02 12:52:24,215 [INFO] Finished chr3:170000000-180000000.
2023-11-02 12:52:25,638 [INFO] Finished chr3:60000000-70000000.
2023-11-02 12:52:28,318 [INFO] Finished chr3:30000000-40000000.
2023-11-02 12:52:32,816 [INFO] Finished chr3:180000000-190000000.
2023-11-02 12:52:33,566 [INFO] Finished chr4:90000000-100000000.
2023-11-02 12:52:34,217 [INFO] Finished chr3:50000000-60000000.
2023-11-02 12:52:34,640 [INFO] Finished chr3:40000000-50000000.
2023-11-02 12:52:35,874 [INFO] Finished chr3:150000000-160000000.
2023-11-02 12:52:39,165 [INFO] Finished chr3:100000000-110000000.
2023-11-02 12:52:43,469 [INFO] Finished chr3:130000000-140000000.
2023-11-02 12:52:44,658 [INFO] Finished chr4:0-10000000.
2023-11-02 12:52:47,941 [INFO] Finished chr3:140000000-150000000.
2023-11-02 12:52:51,979 [INFO] Finished chr4:70000000-80000000.
2023-11-02 12:52:52,542 [INFO] Finished chr3:190000000-200000000.
2023-11-02 12:52:52,759 [INFO] Finished chr4:20000000-30000000.
2023-11-02 12:52:58,155 [INFO] Finished chr4:10000000-20000000.
2023-11-02 12:52:59,388 [INFO] Finished chr3:120000000-130000000.
2023-11-02 12:53:05,282 [INFO] Finished chr3:110000000-120000000.
2023-11-02 12:53:09,348 [INFO] Finished chr4:80000000-90000000.
2023-11-02 12:54:19,971 [INFO] Finished chr4:100000000-110000000.
2023-11-02 12:54:53,337 [INFO] Finished chr4:110000000-120000000.
2023-11-02 12:55:49,638 [INFO] Finished chr5:180000000-182045439.
2023-11-02 12:56:29,155 [INFO] Finished chr4:120000000-130000000.
2023-11-02 12:56:36,315 [INFO] Finished chr4:190000000-193574945.
2023-11-02 12:58:25,567 [INFO] Finished chr4:130000000-140000000.
2023-11-02 13:00:36,762 [INFO] Finished chr4:140000000-150000000.
2023-11-02 13:00:49,255 [INFO] Finished chr4:150000000-160000000.
2023-11-02 13:01:32,225 [INFO] Finished chr4:160000000-170000000.
2023-11-02 13:02:57,231 [INFO] Finished chr5:40000000-50000000.
2023-11-02 13:04:01,236 [INFO] Finished chr6:170000000-172126628.
2023-11-02 13:05:48,209 [INFO] Finished chr4:170000000-180000000.
2023-11-02 13:06:17,982 [INFO] Finished chr6:50000000-60000000.
2023-11-02 13:06:18,188 [INFO] Finished chr4:180000000-190000000.
2023-11-02 13:06:38,298 [INFO] Finished chr5:70000000-80000000.
2023-11-02 13:06:48,285 [INFO] Finished chr5:20000000-30000000.
2023-11-02 13:06:48,387 [INFO] Finished chr6:60000000-70000000.
2023-11-02 13:07:15,164 [INFO] Finished chr5:50000000-60000000.
2023-11-02 13:07:23,676 [INFO] Finished chr5:10000000-20000000.
2023-11-02 13:07:36,198 [INFO] Finished chr5:0-10000000.
2023-11-02 13:07:59,362 [INFO] Finished chr5:170000000-180000000.
2023-11-02 13:08:03,141 [INFO] Finished chr5:30000000-40000000.
2023-11-02 13:08:09,455 [INFO] Finished chr5:80000000-90000000.
2023-11-02 13:08:19,120 [INFO] Finished chr5:60000000-70000000.
2023-11-02 13:08:24,174 [INFO] Finished chr5:110000000-120000000.
2023-11-02 13:08:25,151 [INFO] Finished chr6:20000000-30000000.
2023-11-02 13:08:27,657 [INFO] Finished chr5:100000000-110000000.
2023-11-02 13:08:28,510 [INFO] Finished chr5:120000000-130000000.
2023-11-02 13:08:34,604 [INFO] Finished chr5:160000000-170000000.
2023-11-02 13:08:41,971 [INFO] Finished chr5:90000000-100000000.
2023-11-02 13:08:54,404 [INFO] Finished chr5:130000000-140000000.
2023-11-02 13:08:55,484 [INFO] Finished chr6:30000000-40000000.
2023-11-02 13:08:59,288 [INFO] Finished chr6:90000000-100000000.
2023-11-02 13:09:04,742 [INFO] Finished chr6:70000000-80000000.
2023-11-02 13:09:06,521 [INFO] Finished chr6:10000000-20000000.
2023-11-02 13:09:08,728 [INFO] Finished chr5:150000000-160000000.
2023-11-02 13:09:13,884 [INFO] Finished chr5:140000000-150000000.
2023-11-02 13:09:14,609 [INFO] Finished chr6:0-10000000.
2023-11-02 13:09:18,090 [INFO] Finished chr7:160000000-160567428.
2023-11-02 13:09:22,130 [INFO] Finished chr6:100000000-110000000.
2023-11-02 13:09:37,428 [INFO] Finished chr6:80000000-90000000.
2023-11-02 13:09:47,757 [INFO] Finished chr6:40000000-50000000.
2023-11-02 13:10:40,883 [INFO] Finished chr6:110000000-120000000.
2023-11-02 13:11:11,896 [INFO] Finished chr6:120000000-130000000.
2023-11-02 13:12:06,767 [INFO] Finished chr6:130000000-140000000.
2023-11-02 13:12:20,871 [INFO] Finished chr9:50000000-60000000.
2023-11-02 13:12:37,807 [INFO] Finished chr6:140000000-150000000.
2023-11-02 13:12:47,702 [INFO] Finished chr9:60000000-70000000.
2023-11-02 13:12:58,111 [INFO] Finished chr6:150000000-160000000.
2023-11-02 13:14:12,971 [INFO] Finished chr9:70000000-80000000.
2023-11-02 13:14:13,885 [INFO] Finished chr9:40000000-50000000.
2023-11-02 13:14:34,546 [INFO] Finished chr6:160000000-170000000.
2023-11-02 13:16:12,796 [INFO] Finished chr7:60000000-70000000.
2023-11-02 13:17:01,950 [INFO] Finished chr7:0-10000000.
2023-11-02 13:17:52,720 [INFO] Finished chr7:10000000-20000000.
2023-11-02 13:18:51,719 [INFO] Finished chr9:150000000-150617247.
2023-11-02 13:19:38,665 [INFO] Finished chr7:20000000-30000000.
2023-11-02 13:19:45,762 [INFO] Finished chr8:140000000-146259331.
2023-11-02 13:20:30,724 [INFO] Finished chr7:50000000-60000000.
2023-11-02 13:20:30,884 [INFO] Finished chr7:70000000-80000000.
2023-11-02 13:20:38,815 [INFO] Finished chr7:30000000-40000000.
2023-11-02 13:21:45,062 [INFO] Finished chr8:40000000-50000000.
2023-11-02 13:22:07,349 [INFO] Finished chr7:40000000-50000000.
2023-11-02 13:22:39,584 [INFO] Finished chr8:10000000-20000000.
2023-11-02 13:22:42,981 [INFO] Finished chr7:80000000-90000000.
2023-11-02 13:23:01,298 [INFO] Finished chr7:90000000-100000000.
2023-11-02 13:23:13,239 [INFO] Finished chr7:100000000-110000000.
2023-11-02 13:23:35,868 [INFO] Finished chr8:0-10000000.
2023-11-02 13:23:49,046 [INFO] Finished chr7:110000000-120000000.
2023-11-02 13:23:52,443 [INFO] Finished chr8:80000000-90000000.
2023-11-02 13:23:58,226 [INFO] Finished chr7:120000000-130000000.
2023-11-02 13:23:58,663 [INFO] Finished chr7:150000000-160000000.
2023-11-02 13:24:36,392 [INFO] Finished chr8:30000000-40000000.
2023-11-02 13:24:40,486 [INFO] Finished chr7:140000000-150000000.
2023-11-02 13:24:41,361 [INFO] Finished chr7:130000000-140000000.
2023-11-02 13:24:43,853 [INFO] Finished chr8:50000000-60000000.
2023-11-02 13:24:54,164 [INFO] Finished chr8:70000000-80000000.
2023-11-02 13:24:59,570 [INFO] Finished chr8:20000000-30000000.
2023-11-02 13:25:13,601 [INFO] Finished chr9:0-10000000.
2023-11-02 13:25:13,925 [INFO] Finished chr8:130000000-140000000.
2023-11-02 13:25:20,705 [INFO] Finished chr8:60000000-70000000.
2023-11-02 13:25:22,289 [INFO] Finished chr8:120000000-130000000.
2023-11-02 13:25:22,484 [INFO] Finished chr9:30000000-40000000.
2023-11-02 13:25:24,741 [INFO] Finished chr8:90000000-100000000.
2023-11-02 13:25:37,406 [INFO] Finished chr8:110000000-120000000.
2023-11-02 13:25:39,412 [INFO] Finished chr8:100000000-110000000.
2023-11-02 13:25:56,678 [INFO] Finished chr9:10000000-20000000.
2023-11-02 13:26:11,238 [INFO] Finished chr9:20000000-30000000.
2023-11-02 13:28:02,500 [INFO] Finished chr9:80000000-90000000.
2023-11-02 13:29:35,364 [INFO] Finished chr9:90000000-100000000.
2023-11-02 13:30:27,723 [INFO] Finished chr10:40000000-50000000.
2023-11-02 13:30:28,308 [INFO] Finished chr9:100000000-110000000.
2023-11-02 13:30:34,135 [INFO] Finished chr9:110000000-120000000.
2023-11-02 13:30:55,301 [INFO] Finished chr9:120000000-130000000.
2023-11-02 13:31:31,190 [INFO] Finished chr10:130000000-134758134.
2023-11-02 13:33:03,927 [INFO] Finished chr9:130000000-140000000.
2023-11-02 13:33:50,994 [INFO] Finished chr11:130000000-135127769.
2023-11-02 13:34:10,477 [INFO] Finished chr9:140000000-150000000.
2023-11-02 13:34:28,106 [INFO] Finished chr13:0-10000000.
2023-11-02 13:34:59,577 [INFO] Finished chr11:50000000-60000000.
2023-11-02 13:35:27,648 [INFO] Finished chr10:0-10000000.
2023-11-02 13:35:42,547 [INFO] Finished chr10:10000000-20000000.
2023-11-02 13:35:49,903 [INFO] Finished chr10:30000000-40000000.
2023-11-02 13:36:05,758 [INFO] Finished chr10:50000000-60000000.
2023-11-02 13:36:10,735 [INFO] Finished chr10:20000000-30000000.
2023-11-02 13:37:42,688 [INFO] Finished chr10:60000000-70000000.
2023-11-02 13:38:11,492 [INFO] Finished chr10:80000000-90000000.
2023-11-02 13:38:16,329 [INFO] Finished chr12:30000000-40000000.
2023-11-02 13:38:45,985 [INFO] Finished chr10:70000000-80000000.
2023-11-02 13:38:54,783 [INFO] Finished chr13:10000000-20000000.
2023-11-02 13:39:21,438 [INFO] Finished chr12:130000000-133324548.
2023-11-02 13:39:24,650 [INFO] Finished chr10:100000000-110000000.
2023-11-02 13:39:27,458 [INFO] Finished chr10:90000000-100000000.
2023-11-02 13:39:56,651 [INFO] Finished chr10:110000000-120000000.
2023-11-02 13:40:18,515 [INFO] Finished chr11:20000000-30000000.
2023-11-02 13:40:22,003 [INFO] Finished chr11:0-10000000.
2023-11-02 13:40:25,282 [INFO] Finished chr11:10000000-20000000.
2023-11-02 13:40:32,116 [INFO] Finished chr10:120000000-130000000.
2023-11-02 13:40:33,975 [INFO] Finished chr11:80000000-90000000.
2023-11-02 13:40:37,067 [INFO] Finished chr11:40000000-50000000.
2023-11-02 13:40:46,562 [INFO] Finished chr11:30000000-40000000.
2023-11-02 13:41:09,438 [INFO] Finished chr11:90000000-100000000.
2023-11-02 13:41:14,298 [INFO] Finished chr15:0-10000000.
2023-11-02 13:41:22,251 [INFO] Finished chr11:100000000-110000000.
2023-11-02 13:41:33,019 [INFO] Finished chr11:70000000-80000000.
2023-11-02 13:41:34,889 [INFO] Finished chr11:60000000-70000000.
2023-11-02 13:41:51,883 [INFO] Finished chr12:10000000-20000000.
2023-11-02 13:41:53,289 [INFO] Finished chr11:120000000-130000000.
2023-11-02 13:42:04,231 [INFO] Finished chr11:110000000-120000000.
2023-11-02 13:42:09,905 [INFO] Finished chr12:0-10000000.
2023-11-02 13:42:15,678 [INFO] Finished chr14:100000000-101161492.
2023-11-02 13:42:19,550 [INFO] Finished chr12:20000000-30000000.
2023-11-02 13:42:42,510 [INFO] Finished chr12:40000000-50000000.
2023-11-02 13:43:21,197 [INFO] Finished chr14:0-10000000.
2023-11-02 13:44:44,505 [INFO] Finished chr12:50000000-60000000.
2023-11-02 13:44:45,503 [INFO] Finished chr13:110000000-113566686.
2023-11-02 13:45:08,708 [INFO] Finished chr16:40000000-50000000.
2023-11-02 13:45:11,560 [INFO] Finished chr15:10000000-20000000.
2023-11-02 13:45:56,431 [INFO] Finished chr12:60000000-70000000.
2023-11-02 13:46:28,885 [INFO] Finished chr12:70000000-80000000.
2023-11-02 13:46:38,793 [INFO] Finished chr12:90000000-100000000.
2023-11-02 13:46:48,030 [INFO] Finished chr12:80000000-90000000.
2023-11-02 13:47:22,653 [INFO] Finished chr12:100000000-110000000.
2023-11-02 13:47:35,826 [INFO] Finished chr12:110000000-120000000.
2023-11-02 13:49:19,098 [INFO] Finished chr12:120000000-130000000.
2023-11-02 13:50:04,544 [INFO] Finished chr14:10000000-20000000.
2023-11-02 13:50:33,954 [INFO] Finished chr16:30000000-40000000.
2023-11-02 13:51:19,270 [INFO] Finished chr13:20000000-30000000.
2023-11-02 13:51:20,755 [INFO] Finished chr13:50000000-60000000.
2023-11-02 13:51:50,737 [INFO] Finished chr13:60000000-70000000.
2023-11-02 13:52:00,771 [INFO] Finished chr13:30000000-40000000.
2023-11-02 13:52:19,174 [INFO] Finished chr13:40000000-50000000.
2023-11-02 13:52:54,968 [INFO] Finished chr13:70000000-80000000.
2023-11-02 13:53:31,674 [INFO] Finished chr13:80000000-90000000.
2023-11-02 13:54:12,396 [INFO] Finished chr13:90000000-100000000.
2023-11-02 13:54:45,868 [INFO] Finished chr15:20000000-30000000.
2023-11-02 13:54:58,467 [INFO] Finished chr13:100000000-110000000.
2023-11-02 13:55:33,737 [INFO] Finished chr14:20000000-30000000.
2023-11-02 13:55:45,258 [INFO] Finished chr14:30000000-40000000.
2023-11-02 13:56:09,283 [INFO] Finished chr17:20000000-30000000.
2023-11-02 13:56:25,847 [INFO] Finished chr16:10000000-20000000.
2023-11-02 13:56:30,447 [INFO] Finished chr18:80000000-80542538.
2023-11-02 13:56:34,991 [INFO] Finished chr14:40000000-50000000.
2023-11-02 13:56:39,503 [INFO] Finished chr16:20000000-30000000.
2023-11-02 13:56:43,636 [INFO] Finished chr14:50000000-60000000.
2023-11-02 13:56:45,021 [INFO] Finished chr14:60000000-70000000.
2023-11-02 13:56:48,549 [INFO] Finished chr14:70000000-80000000.
2023-11-02 13:57:03,918 [INFO] Finished chr14:80000000-90000000.
2023-11-02 13:57:08,225 [INFO] Finished chr14:90000000-100000000.
2023-11-02 13:57:23,972 [INFO] Finished chr15:30000000-40000000.
2023-11-02 13:57:26,397 [INFO] Finished chr16:90000000-96330374.
2023-11-02 13:57:37,243 [INFO] Finished chr15:40000000-50000000.
2023-11-02 13:57:45,196 [INFO] Finished chr15:80000000-90000000.
2023-11-02 13:57:56,671 [INFO] Finished chr15:50000000-60000000.
2023-11-02 13:58:02,111 [INFO] Finished chr16:50000000-60000000.
2023-11-02 13:58:07,946 [INFO] Finished chr15:90000000-99753195.
2023-11-02 13:58:23,027 [INFO] Finished chr15:70000000-80000000.
2023-11-02 13:58:30,007 [INFO] Finished chr16:0-10000000.
2023-11-02 13:58:31,696 [INFO] Finished chr17:80000000-84276897.
2023-11-02 13:58:33,392 [INFO] Finished chr15:60000000-70000000.
2023-11-02 13:59:28,860 [INFO] Finished chr19:60000000-61707364.
2023-11-02 13:59:33,438 [INFO] Finished chr21:0-10000000.
2023-11-02 14:00:46,592 [INFO] Finished chr16:70000000-80000000.
2023-11-02 14:01:01,353 [INFO] Finished chr18:10000000-20000000.
2023-11-02 14:01:25,777 [INFO] Finished chr16:60000000-70000000.
2023-11-02 14:01:55,489 [INFO] Finished chr17:10000000-20000000.
2023-11-02 14:01:59,848 [INFO] Finished chr16:80000000-90000000.
2023-11-02 14:02:40,322 [INFO] Finished chr17:0-10000000.
2023-11-02 14:03:04,202 [INFO] Finished chr22:50000000-51324926.
2023-11-02 14:03:28,416 [INFO] Finished chr17:30000000-40000000.
2023-11-02 14:03:51,170 [INFO] Finished chr22:0-10000000.
2023-11-02 14:04:29,653 [INFO] Finished chr22:10000000-20000000.
2023-11-02 14:05:11,633 [INFO] Finished chr19:20000000-30000000.
2023-11-02 14:05:18,438 [INFO] Finished chr17:40000000-50000000.
2023-11-02 14:05:55,513 [INFO] Finished chr17:50000000-60000000.
2023-11-02 14:06:32,332 [INFO] Finished chr17:60000000-70000000.
2023-11-02 14:07:05,061 [INFO] Finished chr21:40000000-45090682.
2023-11-02 14:07:06,206 [INFO] Finished chr18:20000000-30000000.
2023-11-02 14:07:13,038 [INFO] Finished chrX:0-10000000.
2023-11-02 14:07:49,498 [INFO] Finished chr17:70000000-80000000.
2023-11-02 14:07:55,054 [INFO] Finished chr18:0-10000000.
2023-11-02 14:08:23,985 [INFO] Finished chr20:60000000-66210255.
2023-11-02 14:09:06,469 [INFO] Finished chr20:20000000-30000000.
2023-11-02 14:09:18,318 [INFO] Finished chr18:30000000-40000000.
2023-11-02 14:09:21,791 [INFO] Finished chrY:30000000-40000000.
2023-11-02 14:09:29,847 [INFO] Finished chrX:50000000-60000000.
2023-11-02 14:09:45,603 [INFO] Finished chrY:40000000-50000000.
2023-11-02 14:09:51,312 [INFO] Finished chrX:20000000-30000000.
2023-11-02 14:09:52,420 [INFO] Skip chrM:0-16569.
2023-11-02 14:09:53,860 [INFO] Finished chrX:10000000-20000000.
2023-11-02 14:09:57,347 [INFO] Finished chr18:40000000-50000000.
2023-11-02 14:10:00,114 [INFO] Finished chrY:60000000-62460029.
2023-11-02 14:10:03,654 [INFO] Finished chrY:50000000-60000000.
2023-11-02 14:10:12,983 [INFO] Finished chrX:30000000-40000000.
2023-11-02 14:10:15,998 [INFO] Finished chrX:150000000-154259566.
2023-11-02 14:10:29,978 [INFO] Finished chrX:40000000-50000000.
2023-11-02 14:10:36,925 [INFO] Finished chr18:60000000-70000000.
2023-11-02 14:10:40,899 [INFO] Finished chrX:60000000-70000000.
2023-11-02 14:10:42,982 [INFO] Finished chr18:50000000-60000000.
2023-11-02 14:10:49,578 [INFO] Finished chrX:80000000-90000000.
2023-11-02 14:10:50,572 [INFO] Finished chr20:30000000-40000000.
2023-11-02 14:10:54,056 [INFO] Finished chrY:0-10000000.
2023-11-02 14:10:58,998 [INFO] Finished chrY:20000000-30000000.
2023-11-02 14:10:59,137 [INFO] Finished chr19:0-10000000.
2023-11-02 14:11:03,184 [INFO] Finished chr18:70000000-80000000.
2023-11-02 14:11:05,308 [INFO] Finished chrX:70000000-80000000.
2023-11-02 14:11:06,283 [INFO] Finished chr21:10000000-20000000.
2023-11-02 14:11:27,201 [INFO] Finished chr19:50000000-60000000.
2023-11-02 14:11:27,862 [INFO] Finished chrX:90000000-100000000.
2023-11-02 14:11:36,680 [INFO] Finished chr19:30000000-40000000.
2023-11-02 14:11:39,343 [INFO] Finished chr19:10000000-20000000.
2023-11-02 14:11:48,945 [INFO] Finished chr19:40000000-50000000.
2023-11-02 14:11:51,205 [INFO] Finished chr20:10000000-20000000.
2023-11-02 14:11:55,793 [INFO] Finished chrX:100000000-110000000.
2023-11-02 14:11:58,139 [INFO] Finished chr20:0-10000000.
2023-11-02 14:11:59,448 [INFO] Finished chrX:110000000-120000000.
2023-11-02 14:12:02,147 [INFO] Finished chrY:10000000-20000000.
2023-11-02 14:12:02,618 [INFO] Finished chr20:50000000-60000000.
2023-11-02 14:12:04,881 [INFO] Finished chr21:20000000-30000000.
2023-11-02 14:12:05,406 [INFO] Finished chr20:40000000-50000000.
2023-11-02 14:12:09,065 [INFO] Finished chr22:20000000-30000000.
2023-11-02 14:12:11,407 [INFO] Finished chr21:30000000-40000000.
2023-11-02 14:12:11,434 [INFO] Finished chrX:120000000-130000000.
2023-11-02 14:12:11,888 [INFO] Finished chrX:140000000-150000000.
2023-11-02 14:12:14,313 [INFO] Finished chrX:130000000-140000000.
2023-11-02 14:12:15,204 [INFO] Finished chr22:30000000-40000000.
2023-11-02 14:12:15,495 [INFO] Finished chr22:40000000-50000000.
2023-11-02 14:12:15,851 [INFO] Rebuilding signatures of structural variants.
2023-11-02 14:15:17,352 [INFO] Clustering structural variants.
2023-11-02 14:18:12,929 [INFO] Finished chr21:INS.
2023-11-02 14:18:24,476 [INFO] Finished chrY:DEL.
2023-11-02 14:18:25,084 [INFO] Finished chr22:INS.
2023-11-02 14:18:40,383 [INFO] Finished chr20:INS.
2023-11-02 14:18:40,421 [INFO] Finished chr18:INS.
2023-11-02 14:18:57,436 [INFO] Finished chr15:INS.
2023-11-02 14:19:00,191 [INFO] Finished chr16:INS.
2023-11-02 14:19:01,151 [INFO] Finished chr14:INS.
2023-11-02 14:19:02,588 [INFO] Finished chr13:INS.
2023-11-02 14:19:03,690 [INFO] Finished chr19:INS.
2023-11-02 14:19:13,419 [INFO] Finished chr17:INS.
2023-11-02 14:19:18,397 [INFO] Finished chr21:DEL.
2023-11-02 14:19:34,762 [INFO] Finished chr11:INS.
2023-11-02 14:19:41,757 [INFO] Finished chr22:DEL.
2023-11-02 14:19:42,003 [INFO] Finished chr10:INS.
2023-11-02 14:19:46,361 [INFO] Finished chr12:INS.
2023-11-02 14:19:51,740 [INFO] Finished chrX:DEL.
2023-11-02 14:20:15,623 [INFO] Finished chr20:DEL.
2023-11-02 14:20:21,519 [INFO] Finished chr18:DEL.
2023-11-02 14:20:27,354 [INFO] Finished chr3:INS.
2023-11-02 14:20:39,779 [INFO] Finished chr10:INV.
2023-11-02 14:20:47,445 [INFO] Finished chr15:DEL.
2023-11-02 14:20:49,779 [INFO] Finished chr11:INV.
2023-11-02 14:20:50,545 [INFO] Finished chr19:DEL.
2023-11-02 14:20:53,827 [INFO] Finished chr16:DEL.
2023-11-02 14:20:54,771 [INFO] Finished chr12:INV.
2023-11-02 14:20:56,674 [INFO] Finished chr13:DEL.
2023-11-02 14:20:56,956 [INFO] Finished chr1:INV.
2023-11-02 14:21:04,270 [INFO] Finished chr13:INV.
2023-11-02 14:21:04,725 [INFO] Finished chr2:INS.
2023-11-02 14:21:06,956 [INFO] Finished chr15:INV.
2023-11-02 14:21:07,623 [INFO] Finished chr14:DEL.
2023-11-02 14:21:08,315 [INFO] Finished chr14:INV.
2023-11-02 14:21:11,241 [INFO] Finished chr16:INV.
2023-11-02 14:21:15,632 [INFO] Finished chr17:INV.
2023-11-02 14:21:18,125 [INFO] Finished chr1:INS.
2023-11-02 14:21:18,276 [INFO] Finished chr17:DEL.
2023-11-02 14:21:27,734 [INFO] Finished chrY:INS.
2023-11-02 14:21:40,125 [INFO] Finished chr18:INV.
2023-11-02 14:21:42,436 [INFO] Finished chr19:INV.
2023-11-02 14:21:44,594 [INFO] Finished chr9:DEL.
2023-11-02 14:21:59,682 [INFO] Finished chr20:INV.
2023-11-02 14:22:02,298 [INFO] Finished chr11:DEL.
2023-11-02 14:22:03,516 [INFO] Finished chr21:INV.
2023-11-02 14:22:05,017 [INFO] Finished chr22:INV.
2023-11-02 14:22:09,779 [INFO] Finished chrX:INS.
2023-11-02 14:22:17,725 [INFO] Finished chr8:DEL.
2023-11-02 14:22:18,563 [INFO] Finished chrY:INV.
2023-11-02 14:22:19,446 [INFO] Finished chr10:DEL.
2023-11-02 14:22:20,758 [INFO] Finished chr12:DEL.
2023-11-02 14:22:25,875 [INFO] Finished chr2:INV.
2023-11-02 14:22:29,617 [INFO] Finished chrX:INV.
2023-11-02 14:22:37,255 [INFO] Finished chr9:INV.
2023-11-02 14:22:37,480 [INFO] Finished chr7:INV.
2023-11-02 14:22:39,214 [INFO] Finished chr5:INV.
2023-11-02 14:22:39,348 [INFO] Finished chr6:INV.
2023-11-02 14:22:40,736 [INFO] Finished chr3:INV.
2023-11-02 14:22:41,186 [INFO] Finished chr8:INV.
2023-11-02 14:22:41,734 [INFO] Finished chr4:INV.
2023-11-02 14:22:44,851 [INFO] Finished chr10:DUP.
2023-11-02 14:22:47,122 [INFO] Finished chr13:DUP.
2023-11-02 14:22:49,486 [INFO] Finished chr11:DUP.
2023-11-02 14:22:53,027 [INFO] Finished chr14:DUP.
2023-11-02 14:22:53,267 [INFO] Finished chr12:DUP.
2023-11-02 14:23:01,320 [INFO] Finished chr1:DUP.
2023-11-02 14:23:01,326 [INFO] Finished chr8:INS.
2023-11-02 14:23:04,387 [INFO] Finished chr15:DUP.
2023-11-02 14:23:04,786 [INFO] Finished chr7:DEL.
2023-11-02 14:23:05,986 [INFO] Finished chr16:DUP.
2023-11-02 14:23:06,954 [INFO] Finished chr9:INS.
2023-11-02 14:23:10,411 [INFO] Finished chr5:DEL.
2023-11-02 14:23:10,758 [INFO] Finished chr17:DUP.
2023-11-02 14:23:12,040 [INFO] Finished chr1-chr18:TRA/BND.
2023-11-02 14:23:12,867 [INFO] Finished chr1-chr16:TRA/BND.
2023-11-02 14:23:14,840 [INFO] Finished chr6:DEL.
2023-11-02 14:23:15,034 [INFO] Finished chr5:INS.
2023-11-02 14:23:15,429 [INFO] Finished chr1-chr13:TRA/BND.
2023-11-02 14:23:18,327 [INFO] Finished chr1-chr21:TRA/BND.
2023-11-02 14:23:19,170 [INFO] Finished chr1-chrM:TRA/BND.
2023-11-02 14:23:20,960 [INFO] Finished chr4:INS.
2023-11-02 14:23:21,295 [INFO] Finished chr1-chr17:TRA/BND.
2023-11-02 14:23:22,170 [INFO] Finished chr1-chrY:TRA/BND.
2023-11-02 14:23:22,141 [INFO] Finished chr19:DUP.
2023-11-02 14:23:22,730 [INFO] Finished chr6:INS.
2023-11-02 14:23:23,019 [INFO] Finished chr18:DUP.
2023-11-02 14:23:24,811 [INFO] Finished chr20:DUP.
2023-11-02 14:23:24,966 [INFO] Finished chr10-chr15:TRA/BND.
2023-11-02 14:23:25,155 [INFO] Finished chr21:DUP.
2023-11-02 14:23:25,824 [INFO] Finished chr10-chr17:TRA/BND.
2023-11-02 14:23:27,638 [INFO] Finished chr1-chr22:TRA/BND.
2023-11-02 14:23:28,109 [INFO] Finished chr1-chr15:TRA/BND.
2023-11-02 14:23:28,978 [INFO] Finished chr10-chr20:TRA/BND.
2023-11-02 14:23:29,633 [INFO] Finished chr1-chr11:TRA/BND.
2023-11-02 14:23:31,311 [INFO] Finished chr4:DEL.
2023-11-02 14:23:33,222 [INFO] Finished chr1-chr19:TRA/BND.
2023-11-02 14:23:34,724 [INFO] Finished chr22:DUP.
2023-11-02 14:23:35,506 [INFO] Finished chr10-chr18:TRA/BND.
2023-11-02 14:23:36,482 [INFO] Finished chr1-chr14:TRA/BND.
2023-11-02 14:23:38,475 [INFO] Finished chr10-chr22:TRA/BND.
2023-11-02 14:23:38,631 [INFO] Finished chr7:INS.
2023-11-02 14:23:45,018 [INFO] Finished chr10-chr16:TRA/BND.
2023-11-02 14:23:45,596 [INFO] Finished chr10-chr4:TRA/BND.
2023-11-02 14:23:45,867 [INFO] Finished chr10-chrM:TRA/BND.
2023-11-02 14:23:46,718 [INFO] Finished chr10-chrY:TRA/BND.
2023-11-02 14:23:48,633 [INFO] Finished chr10-chr21:TRA/BND.
2023-11-02 14:23:49,835 [INFO] Finished chr10-chr12:TRA/BND.
2023-11-02 14:23:51,241 [INFO] Finished chrY:DUP.
2023-11-02 14:23:52,541 [INFO] Finished chr10-chr13:TRA/BND.
2023-11-02 14:23:54,665 [INFO] Finished chr1-chrX:TRA/BND.
2023-11-02 14:23:55,034 [INFO] Finished chr10-chr19:TRA/BND.
2023-11-02 14:23:55,518 [INFO] Finished chr11-chr17:TRA/BND.
2023-11-02 14:23:59,142 [INFO] Finished chr2:DUP.
2023-11-02 14:24:01,877 [INFO] Finished chrX:DUP.
2023-11-02 14:24:03,438 [INFO] Finished chr1-chr20:TRA/BND.
2023-11-02 14:24:03,862 [INFO] Finished chr11-chr18:TRA/BND.
2023-11-02 14:24:03,927 [INFO] Finished chr3:DEL.
2023-11-02 14:24:04,272 [INFO] Finished chr10-chr11:TRA/BND.
2023-11-02 14:24:05,347 [INFO] Finished chr11-chr19:TRA/BND.
2023-11-02 14:24:06,156 [INFO] Finished chr10-chr8:TRA/BND.
2023-11-02 14:24:07,186 [INFO] Finished chr6:DUP.
2023-11-02 14:24:07,841 [INFO] Finished chr5:DUP.
2023-11-02 14:24:08,297 [INFO] Finished chr3:DUP.
2023-11-02 14:24:08,552 [INFO] Finished chr9:DUP.
2023-11-02 14:24:08,747 [INFO] Finished chr4:DUP.
2023-11-02 14:24:09,278 [INFO] Finished chr11-chr14:TRA/BND.
2023-11-02 14:24:09,605 [INFO] Finished chr7:DUP.
2023-11-02 14:24:09,662 [INFO] Finished chr11-chrY:TRA/BND.
2023-11-02 14:24:10,743 [INFO] Finished chr12-chr15:TRA/BND.
2023-11-02 14:24:11,841 [INFO] Finished chr11-chr15:TRA/BND.
2023-11-02 14:24:12,569 [INFO] Finished chr1-chr12:TRA/BND.
2023-11-02 14:24:12,883 [INFO] Finished chr10-chr14:TRA/BND.
2023-11-02 14:24:13,708 [INFO] Finished chr11-chr21:TRA/BND.
2023-11-02 14:24:14,194 [INFO] Finished chr11-chr22:TRA/BND.
2023-11-02 14:24:15,385 [INFO] Finished chr1-chr5:TRA/BND.
2023-11-02 14:24:16,267 [INFO] Finished chr12-chr21:TRA/BND.
2023-11-02 14:24:16,586 [INFO] Finished chr8:DUP.
2023-11-02 14:24:17,114 [INFO] Finished chr12-chr22:TRA/BND.
2023-11-02 14:24:17,158 [INFO] Finished chr10-chr9:TRA/BND.
2023-11-02 14:24:20,159 [INFO] Finished chr10-chr5:TRA/BND.
2023-11-02 14:24:21,459 [INFO] Finished chr1-chr10:TRA/BND.
2023-11-02 14:24:21,827 [INFO] Finished chr12-chr16:TRA/BND.
2023-11-02 14:24:22,818 [INFO] Finished chr1-chr9:TRA/BND.
2023-11-02 14:24:23,278 [INFO] Finished chr11-chr16:TRA/BND.
2023-11-02 14:24:23,458 [INFO] Finished chr12-chr20:TRA/BND.
2023-11-02 14:24:23,782 [INFO] Finished chr10-chr6:TRA/BND.
2023-11-02 14:24:23,950 [INFO] Finished chr11-chr12:TRA/BND.
2023-11-02 14:24:24,197 [INFO] Finished chr12-chrM:TRA/BND.
2023-11-02 14:24:24,642 [INFO] Finished chr12-chrY:TRA/BND.
2023-11-02 14:24:26,767 [INFO] Finished chr10-chr7:TRA/BND.
2023-11-02 14:24:29,047 [INFO] Finished chr10-chr2:TRA/BND.
2023-11-02 14:24:29,944 [INFO] Finished chr13-chr18:TRA/BND.
2023-11-02 14:24:30,085 [INFO] Finished chr1-chr8:TRA/BND.
2023-11-02 14:24:30,957 [INFO] Finished chr10-chrX:TRA/BND.
2023-11-02 14:24:31,842 [INFO] Finished chr12-chr17:TRA/BND.
2023-11-02 14:24:32,238 [INFO] Finished chr12-chr18:TRA/BND.
2023-11-02 14:24:32,302 [INFO] Finished chr10-chr3:TRA/BND.
2023-11-02 14:24:34,104 [INFO] Finished chr13-chr16:TRA/BND.
2023-11-02 14:24:35,506 [INFO] Finished chr13-chr15:TRA/BND.
2023-11-02 14:24:37,324 [INFO] Finished chr1-chr7:TRA/BND.
2023-11-02 14:24:38,423 [INFO] Finished chr11-chr20:TRA/BND.
2023-11-02 14:24:38,779 [INFO] Finished chr11-chr7:TRA/BND.
2023-11-02 14:24:38,909 [INFO] Finished chr11-chrX:TRA/BND.
2023-11-02 14:24:40,109 [INFO] Finished chr13-chr19:TRA/BND.
2023-11-02 14:24:40,383 [INFO] Finished chr13-chr14:TRA/BND.
2023-11-02 14:24:40,997 [INFO] Finished chr13-chrM:TRA/BND.
2023-11-02 14:24:41,043 [INFO] Finished chr11-chr5:TRA/BND.
2023-11-02 14:24:41,124 [INFO] Finished chr11-chr4:TRA/BND.
2023-11-02 14:24:41,302 [INFO] Finished chr13-chr21:TRA/BND.
2023-11-02 14:24:46,036 [INFO] Finished chr12-chr14:TRA/BND.
2023-11-02 14:24:47,104 [INFO] Finished chr13-chr17:TRA/BND.
2023-11-02 14:24:47,781 [INFO] Finished chr11-chr13:TRA/BND.
2023-11-02 14:24:48,442 [INFO] Finished chr12-chr8:TRA/BND.
2023-11-02 14:24:49,257 [INFO] Finished chr11-chr3:TRA/BND.
2023-11-02 14:24:49,472 [INFO] Finished chr14-chr20:TRA/BND.
2023-11-02 14:24:50,039 [INFO] Finished chr13-chr8:TRA/BND.
2023-11-02 14:24:50,387 [INFO] Finished chr12-chr13:TRA/BND.
2023-11-02 14:24:51,038 [INFO] Finished chr1-chr3:TRA/BND.
2023-11-02 14:24:51,150 [INFO] Finished chr12-chrX:TRA/BND.
2023-11-02 14:24:51,458 [INFO] Finished chr13-chrY:TRA/BND.
2023-11-02 14:24:52,188 [INFO] Finished chr13-chr4:TRA/BND.
2023-11-02 14:24:53,315 [INFO] Finished chr13-chr22:TRA/BND.
2023-11-02 14:24:53,980 [INFO] Finished chr11-chr9:TRA/BND.
2023-11-02 14:24:54,880 [INFO] Finished chr14-chrM:TRA/BND.
2023-11-02 14:24:57,525 [INFO] Finished chr13-chrX:TRA/BND.
2023-11-02 14:24:58,238 [INFO] Finished chr1-chr2:TRA/BND.
2023-11-02 14:24:58,429 [INFO] Finished chr14-chrY:TRA/BND.
2023-11-02 14:24:58,592 [INFO] Finished chr14-chr17:TRA/BND.
2023-11-02 14:24:58,848 [INFO] Finished chr13-chr20:TRA/BND.
2023-11-02 14:24:59,291 [INFO] Finished chr15-chr17:TRA/BND.
2023-11-02 14:25:01,031 [INFO] Finished chr12-chr7:TRA/BND.
2023-11-02 14:25:01,944 [INFO] Finished chr15-chr20:TRA/BND.
2023-11-02 14:25:02,026 [INFO] Finished chr12-chr5:TRA/BND.
2023-11-02 14:25:02,811 [INFO] Finished chr15-chr21:TRA/BND.
2023-11-02 14:25:04,177 [INFO] Finished chr14-chrX:TRA/BND.
2023-11-02 14:25:04,443 [INFO] Finished chr12-chr19:TRA/BND.
2023-11-02 14:25:05,277 [INFO] Finished chr12-chr3:TRA/BND.
2023-11-02 14:25:06,418 [INFO] Finished chr13-chr2:TRA/BND.
2023-11-02 14:25:06,479 [INFO] Finished chr12-chr2:TRA/BND.
2023-11-02 14:25:06,634 [INFO] Finished chr11-chr8:TRA/BND.
2023-11-02 14:25:06,996 [INFO] Finished chr11-chr2:TRA/BND.
2023-11-02 14:25:07,498 [INFO] Finished chr14-chr21:TRA/BND.
2023-11-02 14:25:07,685 [INFO] Finished chr15-chr16:TRA/BND.
2023-11-02 14:25:07,728 [INFO] Finished chr14-chr19:TRA/BND.
2023-11-02 14:25:07,878 [INFO] Finished chr15-chrM:TRA/BND.
2023-11-02 14:25:08,581 [INFO] Finished chr15-chrY:TRA/BND.
2023-11-02 14:25:08,984 [INFO] Finished chr15-chr19:TRA/BND.
2023-11-02 14:25:10,495 [INFO] Finished chr15-chr22:TRA/BND.
2023-11-02 14:25:12,973 [INFO] Finished chr14-chr9:TRA/BND.
2023-11-02 14:25:12,977 [INFO] Finished chr13-chr6:TRA/BND.
2023-11-02 14:25:13,178 [INFO] Finished chr12-chr6:TRA/BND.
2023-11-02 14:25:13,503 [INFO] Finished chr14-chr18:TRA/BND.
2023-11-02 14:25:13,678 [INFO] Finished chr13-chr7:TRA/BND.
2023-11-02 14:25:13,883 [INFO] Finished chr16-chr21:TRA/BND.
2023-11-02 14:25:13,896 [INFO] Finished chr16-chr22:TRA/BND.
2023-11-02 14:25:13,936 [INFO] Finished chr14-chr15:TRA/BND.
2023-11-02 14:25:14,834 [INFO] Finished chr16-chr8:TRA/BND.
2023-11-02 14:25:15,720 [INFO] Finished chr15-chr8:TRA/BND.
2023-11-02 14:25:16,506 [INFO] Finished chr2:DEL.
2023-11-02 14:25:16,586 [INFO] Finished chr16-chrM:TRA/BND.
2023-11-02 14:25:16,676 [INFO] Finished chr12-chr9:TRA/BND.
2023-11-02 14:25:16,913 [INFO] Finished chr14-chr16:TRA/BND.
2023-11-02 14:25:17,033 [INFO] Finished chr15-chrX:TRA/BND.
2023-11-02 14:25:17,555 [INFO] Finished chr16-chrY:TRA/BND.
2023-11-02 14:25:18,265 [INFO] Finished chr16-chr17:TRA/BND.
2023-11-02 14:25:20,269 [INFO] Finished chr14-chr4:TRA/BND.
2023-11-02 14:25:20,678 [INFO] Finished chr11-chr6:TRA/BND.
2023-11-02 14:25:21,169 [INFO] Finished chr17-chr21:TRA/BND.
2023-11-02 14:25:21,563 [INFO] Finished chr17-chr22:TRA/BND.
2023-11-02 14:25:23,638 [INFO] Finished chr1:DEL.
2023-11-02 14:25:25,897 [INFO] Finished chr15-chr18:TRA/BND.
2023-11-02 14:25:26,945 [INFO] Finished chr12-chr4:TRA/BND.
2023-11-02 14:25:28,258 [INFO] Finished chr16-chr18:TRA/BND.
2023-11-02 14:25:28,821 [INFO] Finished chr16-chr20:TRA/BND.
2023-11-02 14:25:30,530 [INFO] Finished chr1-chr4:TRA/BND.
2023-11-02 14:25:30,735 [INFO] Finished chr16-chr3:TRA/BND.
2023-11-02 14:25:31,416 [INFO] Finished chr17-chrY:TRA/BND.
2023-11-02 14:25:31,804 [INFO] Finished chr16-chr4:TRA/BND.
2023-11-02 14:25:32,041 [INFO] Finished chr13-chr9:TRA/BND.
2023-11-02 14:25:32,485 [INFO] Finished chr14-chr22:TRA/BND.
2023-11-02 14:25:32,518 [INFO] Finished chr16-chr9:TRA/BND.
2023-11-02 14:25:33,038 [INFO] Finished chr15-chr6:TRA/BND.
2023-11-02 14:25:33,057 [INFO] Finished chr15-chr2:TRA/BND.
2023-11-02 14:25:33,200 [INFO] Finished chr15-chr5:TRA/BND.
2023-11-02 14:25:33,297 [INFO] Finished chr16-chr7:TRA/BND.
2023-11-02 14:25:33,391 [INFO] Finished chr18-chr22:TRA/BND.
2023-11-02 14:25:34,643 [INFO] Finished chr16-chrX:TRA/BND.
2023-11-02 14:25:34,858 [INFO] Finished chr16-chr19:TRA/BND.
2023-11-02 14:25:35,492 [INFO] Finished chr18-chr9:TRA/BND.
2023-11-02 14:25:35,667 [INFO] Finished chr15-chr9:TRA/BND.
2023-11-02 14:25:35,764 [INFO] Finished chr18-chrM:TRA/BND.
2023-11-02 14:25:36,396 [INFO] Finished chr17-chr19:TRA/BND.
2023-11-02 14:25:36,518 [INFO] Finished chr18-chrY:TRA/BND.
2023-11-02 14:25:38,356 [INFO] Finished chr17-chrX:TRA/BND.
2023-11-02 14:25:38,575 [INFO] Finished chr17-chr20:TRA/BND.
2023-11-02 14:25:38,703 [INFO] Finished chr14-chr2:TRA/BND.
2023-11-02 14:25:39,349 [INFO] Finished chr15-chr4:TRA/BND.
2023-11-02 14:25:39,918 [INFO] Finished chr14-chr7:TRA/BND.
2023-11-02 14:25:41,339 [INFO] Finished chr15-chr3:TRA/BND.
2023-11-02 14:25:41,450 [INFO] Finished chr15-chr7:TRA/BND.
2023-11-02 14:25:42,199 [INFO] Finished chr19-chr7:TRA/BND.
2023-11-02 14:25:44,258 [INFO] Finished chr18-chrX:TRA/BND.
2023-11-02 14:25:45,186 [INFO] Finished chr17-chr18:TRA/BND.
2023-11-02 14:25:46,175 [INFO] Finished chr13-chr5:TRA/BND.
2023-11-02 14:25:47,164 [INFO] Finished chr19-chr21:TRA/BND.
2023-11-02 14:25:47,538 [INFO] Finished chr16-chr2:TRA/BND.
2023-11-02 14:25:47,812 [INFO] Finished chr19-chr22:TRA/BND.
2023-11-02 14:25:47,835 [INFO] Finished chr16-chr5:TRA/BND.
2023-11-02 14:25:49,122 [INFO] Finished chr19-chr5:TRA/BND.
2023-11-02 14:25:49,660 [INFO] Finished chr18-chr21:TRA/BND.
2023-11-02 14:25:49,798 [INFO] Finished chr19-chr4:TRA/BND.
2023-11-02 14:25:49,807 [INFO] Finished chr1-chr6:TRA/BND.
2023-11-02 14:25:50,220 [INFO] Finished chr18-chr7:TRA/BND.
2023-11-02 14:25:50,465 [INFO] Finished chr18-chr20:TRA/BND.
2023-11-02 14:25:51,301 [INFO] Finished chr2-chrM:TRA/BND.
2023-11-02 14:25:52,122 [INFO] Finished chr19-chr8:TRA/BND.
2023-11-02 14:25:52,515 [INFO] Finished chr18-chr8:TRA/BND.
2023-11-02 14:25:53,243 [INFO] Finished chr19-chrX:TRA/BND.
2023-11-02 14:25:53,418 [INFO] Finished chr20-chr21:TRA/BND.
2023-11-02 14:25:54,105 [INFO] Finished chr20-chr22:TRA/BND.
2023-11-02 14:25:55,828 [INFO] Finished chr19-chr20:TRA/BND.
2023-11-02 14:25:56,975 [INFO] Finished chr2-chr20:TRA/BND.
2023-11-02 14:25:57,241 [INFO] Finished chr14-chr8:TRA/BND.
2023-11-02 14:25:57,633 [INFO] Finished chr18-chr19:TRA/BND.
2023-11-02 14:25:59,032 [INFO] Finished chr19-chr3:TRA/BND.
2023-11-02 14:26:00,092 [INFO] Finished chr17-chr4:TRA/BND.
2023-11-02 14:26:00,200 [INFO] Finished chr14-chr6:TRA/BND.
2023-11-02 14:26:00,957 [INFO] Finished chr20-chrX:TRA/BND.
2023-11-02 14:26:01,248 [INFO] Finished chr17-chr6:TRA/BND.
2023-11-02 14:26:01,807 [INFO] Finished chr21-chr22:TRA/BND.
2023-11-02 14:26:01,847 [INFO] Finished chr2-chrY:TRA/BND.
2023-11-02 14:26:02,649 [INFO] Finished chr21-chr4:TRA/BND.
2023-11-02 14:26:02,824 [INFO] Finished chr21-chr5:TRA/BND.
2023-11-02 14:26:02,922 [INFO] Finished chr14-chr3:TRA/BND.
2023-11-02 14:26:03,092 [INFO] Finished chr18-chr6:TRA/BND.
2023-11-02 14:26:03,254 [INFO] Finished chr19-chrY:TRA/BND.
2023-11-02 14:26:03,806 [INFO] Finished chr21-chr8:TRA/BND.
2023-11-02 14:26:04,138 [INFO] Finished chr21-chrX:TRA/BND.
2023-11-02 14:26:04,677 [INFO] Finished chr21-chrY:TRA/BND.
2023-11-02 14:26:05,052 [INFO] Finished chr16-chr6:TRA/BND.
2023-11-02 14:26:05,916 [INFO] Finished chr22-chr5:TRA/BND.
2023-11-02 14:26:06,724 [INFO] Finished chr17-chr5:TRA/BND.
2023-11-02 14:26:08,400 [INFO] Finished chr17-chr8:TRA/BND.
2023-11-02 14:26:08,850 [INFO] Finished chr18-chr5:TRA/BND.
2023-11-02 14:26:09,079 [INFO] Finished chr14-chr5:TRA/BND.
2023-11-02 14:26:09,316 [INFO] Finished chr22-chr8:TRA/BND.
2023-11-02 14:26:09,675 [INFO] Finished chr22-chr9:TRA/BND.
2023-11-02 14:26:09,820 [INFO] Finished chr18-chr2:TRA/BND.
2023-11-02 14:26:10,115 [INFO] Finished chr20-chrY:TRA/BND.
2023-11-02 14:26:10,220 [INFO] Finished chr22-chrY:TRA/BND.
2023-11-02 14:26:10,585 [INFO] Finished chr19-chr6:TRA/BND.
2023-11-02 14:26:11,338 [INFO] Finished chr19-chr2:TRA/BND.
2023-11-02 14:26:13,258 [INFO] Finished chr19-chr9:TRA/BND.
2023-11-02 14:26:13,391 [INFO] Finished chr17-chr9:TRA/BND.
2023-11-02 14:26:14,010 [INFO] Finished chr20-chr5:TRA/BND.
2023-11-02 14:26:14,112 [INFO] Finished chr3-chrM:TRA/BND.
2023-11-02 14:26:14,875 [INFO] Finished chr2-chr21:TRA/BND.
2023-11-02 14:26:14,897 [INFO] Finished chr3-chrY:TRA/BND.
2023-11-02 14:26:16,450 [INFO] Finished chr22-chr6:TRA/BND.
2023-11-02 14:26:17,743 [INFO] Finished chr20-chr9:TRA/BND.
2023-11-02 14:26:18,516 [INFO] Finished chr18-chr4:TRA/BND.
2023-11-02 14:26:18,684 [INFO] Finished chr17-chr3:TRA/BND.
2023-11-02 14:26:19,405 [INFO] Finished chr4-chrM:TRA/BND.
2023-11-02 14:26:19,762 [INFO] Finished chr20-chr4:TRA/BND.
2023-11-02 14:26:19,860 [INFO] Finished chr22-chrX:TRA/BND.
2023-11-02 14:26:22,058 [INFO] Finished chr21-chr7:TRA/BND.
2023-11-02 14:26:22,210 [INFO] Finished chr21-chr9:TRA/BND.
2023-11-02 14:26:22,686 [INFO] Finished chr22-chr4:TRA/BND.
2023-11-02 14:26:23,118 [INFO] Finished chr3-chrX:TRA/BND.
2023-11-02 14:26:23,578 [INFO] Finished chr5-chrM:TRA/BND.
2023-11-02 14:26:24,398 [INFO] Finished chr20-chr7:TRA/BND.
2023-11-02 14:26:24,506 [INFO] Finished chr13-chr3:TRA/BND.
2023-11-02 14:26:25,231 [INFO] Finished chr17-chr2:TRA/BND.
2023-11-02 14:26:25,248 [INFO] Finished chr18-chr3:TRA/BND.
2023-11-02 14:26:25,841 [INFO] Finished chr22-chr7:TRA/BND.
2023-11-02 14:26:26,223 [INFO] Finished chr6-chrM:TRA/BND.
2023-11-02 14:26:28,131 [INFO] Finished chr21-chr3:TRA/BND.
2023-11-02 14:26:28,934 [INFO] Finished chr4-chrY:TRA/BND.
2023-11-02 14:26:30,176 [INFO] Finished chr2-chr22:TRA/BND.
2023-11-02 14:26:31,102 [INFO] Finished chr7-chrM:TRA/BND.
2023-11-02 14:26:31,523 [INFO] Finished chr22-chr3:TRA/BND.
2023-11-02 14:26:31,948 [INFO] Finished chr7-chrX:TRA/BND.
2023-11-02 14:26:32,224 [INFO] Finished chr21-chr6:TRA/BND.
2023-11-02 14:26:32,403 [INFO] Finished chr7-chrY:TRA/BND.
2023-11-02 14:26:33,069 [INFO] Finished chr8-chrM:TRA/BND.
2023-11-02 14:26:33,948 [INFO] Finished chr8-chrY:TRA/BND.
2023-11-02 14:26:34,744 [INFO] Finished chr2-chrX:TRA/BND.
2023-11-02 14:26:34,753 [INFO] Finished chr5-chrY:TRA/BND.
2023-11-02 14:26:35,728 [INFO] Finished chrM-chrX:TRA/BND.
2023-11-02 14:26:36,152 [INFO] Finished chr6-chrY:TRA/BND.
2023-11-02 14:26:36,610 [INFO] Finished chrX-chrY:TRA/BND.
2023-11-02 14:26:37,167 [INFO] Finished chr4-chr8:TRA/BND.
2023-11-02 14:26:40,073 [INFO] Finished chr3-chr7:TRA/BND.
2023-11-02 14:26:40,246 [INFO] Finished chr5-chrX:TRA/BND.
2023-11-02 14:26:42,626 [INFO] Finished chr9-chrY:TRA/BND.
2023-11-02 14:26:43,532 [INFO] Finished chr3-chr4:TRA/BND.
2023-11-02 14:26:43,578 [INFO] Finished chr4-chrX:TRA/BND.
2023-11-02 14:26:46,006 [INFO] Finished chr7-chr9:TRA/BND.
2023-11-02 14:26:46,811 [INFO] Finished chr17-chr7:TRA/BND.
2023-11-02 14:26:48,902 [INFO] Finished chr5-chr7:TRA/BND.
2023-11-02 14:26:49,572 [INFO] Finished chr2-chr6:TRA/BND.
2023-11-02 14:26:51,957 [INFO] Finished chr20-chr6:TRA/BND.
2023-11-02 14:26:52,239 [INFO] Finished chr20-chr8:TRA/BND.
2023-11-02 14:26:53,707 [INFO] Finished chr20-chr3:TRA/BND.
2023-11-02 14:26:53,858 [INFO] Finished chr4-chr9:TRA/BND.
2023-11-02 14:26:54,310 [INFO] Finished chr2-chr9:TRA/BND.
2023-11-02 14:26:55,422 [INFO] Finished chr6-chr9:TRA/BND.
2023-11-02 14:26:56,718 [INFO] Finished chr9-chrX:TRA/BND.
2023-11-02 14:26:57,242 [INFO] Finished chr7-chr8:TRA/BND.
2023-11-02 14:26:58,875 [INFO] Finished chr8-chrX:TRA/BND.
2023-11-02 14:27:00,044 [INFO] Finished chr6-chrX:TRA/BND.
2023-11-02 14:27:00,083 [INFO] Finished chr3-chr9:TRA/BND.
2023-11-02 14:27:00,252 [INFO] Finished chr2-chr8:TRA/BND.
2023-11-02 14:27:04,028 [INFO] Finished chr3-chr5:TRA/BND.
2023-11-02 14:27:05,582 [INFO] Finished chr4-chr5:TRA/BND.
2023-11-02 14:27:05,989 [INFO] Finished chr5-chr8:TRA/BND.
2023-11-02 14:27:06,176 [INFO] Finished chr6-chr8:TRA/BND.
2023-11-02 14:27:06,870 [INFO] Finished chr4-chr6:TRA/BND.
2023-11-02 14:27:07,112 [INFO] Finished chr2-chr5:TRA/BND.
2023-11-02 14:27:07,964 [INFO] Finished chr3-chr8:TRA/BND.
2023-11-02 14:27:08,929 [INFO] Finished chr3-chr6:TRA/BND.
2023-11-02 14:27:09,651 [INFO] Finished chr5-chr9:TRA/BND.
2023-11-02 14:27:09,791 [INFO] Finished chr2-chr4:TRA/BND.
2023-11-02 14:27:09,950 [INFO] Finished chr2-chr3:TRA/BND.
2023-11-02 14:27:10,200 [INFO] Finished chr4-chr7:TRA/BND.
2023-11-02 14:27:10,461 [INFO] Finished chr6-chr7:TRA/BND.
2023-11-02 14:27:10,556 [INFO] Finished chr2-chr7:TRA/BND.
2023-11-02 14:27:10,796 [INFO] Finished chr8-chr9:TRA/BND.
2023-11-02 14:27:11,563 [INFO] Finished chr5-chr6:TRA/BND.
2023-11-02 14:27:11,995 [INFO] Writing to your output file.
2023-11-02 14:27:12,304 [INFO] Loading reference genome...
2023-11-02 14:27:30,893 [INFO] Finished in 7629.77 seconds.
