Conversion complete. Output saved to chr1.filter.bed
finish s31222_a509_3:chr1
Conversion complete. Output saved to chr2.filter.bed
finish s31222_a509_3:chr2
Conversion complete. Output saved to chr3.filter.bed
finish s31222_a509_3:chr3
Conversion complete. Output saved to chr4.filter.bed
finish s31222_a509_3:chr4
Conversion complete. Output saved to chr5.filter.bed
finish s31222_a509_3:chr5
Conversion complete. Output saved to chr6.filter.bed
finish s31222_a509_3:chr6
Conversion complete. Output saved to chr7.filter.bed
finish s31222_a509_3:chr7
Conversion complete. Output saved to chr8.filter.bed
finish s31222_a509_3:chr8
Conversion complete. Output saved to chr9.filter.bed
finish s31222_a509_3:chr9
Conversion complete. Output saved to chr10.filter.bed
finish s31222_a509_3:chr10
Conversion complete. Output saved to chr11.filter.bed
finish s31222_a509_3:chr11
Conversion complete. Output saved to chr12.filter.bed
finish s31222_a509_3:chr12
Conversion complete. Output saved to chr13.filter.bed
finish s31222_a509_3:chr13
Conversion complete. Output saved to chr14.filter.bed
finish s31222_a509_3:chr14
Conversion complete. Output saved to chr15.filter.bed
finish s31222_a509_3:chr15
Conversion complete. Output saved to chr16.filter.bed
finish s31222_a509_3:chr16
Conversion complete. Output saved to chr17.filter.bed
finish s31222_a509_3:chr17
Conversion complete. Output saved to chr18.filter.bed
finish s31222_a509_3:chr18
Conversion complete. Output saved to chr19.filter.bed
finish s31222_a509_3:chr19
Conversion complete. Output saved to chr20.filter.bed
finish s31222_a509_3:chr20
Conversion complete. Output saved to chr21.filter.bed
finish s31222_a509_3:chr21
Conversion complete. Output saved to chr22.filter.bed
finish s31222_a509_3:chr22
Conversion complete. Output saved to chrX.filter.bed
finish s31222_a509_3:chrX
Conversion complete. Output saved to chrY.filter.bed
finish s31222_a509_3:chrY
