[bam_sort_core] merging from 31 files and 1 in-memory blocks...
usage: sniffles --input SORTED_INPUT.bam [--vcf OUTPUT.vcf] [--snf MERGEABLE_OUTPUT.snf] [--threads 4] [--mosaic]

Sniffles2: A fast structural variant (SV) caller for long-read sequencing data
 Version 2.2
 Contact: moritz.g.smolka@gmail.com

 Usage example A - Call SVs for a single sample:
    sniffles --input sorted_indexed_alignments.bam --vcf output.vcf

    ... OR, with CRAM input and bgzipped+tabix indexed VCF output:
      sniffles --input sample.cram --vcf output.vcf.gz

    ... OR, producing only a SNF file with SV candidates for later multi-sample calling:
      sniffles --input sample1.bam --snf sample1.snf

    ... OR, simultaneously producing a single-sample VCF and SNF file for later multi-sample calling:
      sniffles --input sample1.bam --vcf sample1.vcf.gz --snf sample1.snf

    ... OR, with additional options to specify tandem repeat annotations (for improved call accuracy), reference (for DEL sequences) and mosaic mode for detecting rare SVs:
      sniffles --input sample1.bam --vcf sample1.vcf.gz --tandem-repeats tandem_repeats.bed --reference genome.fa --mosaic

 Usage example B - Multi-sample calling:
    Step 1. Create .snf for each sample: sniffles --input sample1.bam --snf sample1.snf
    Step 2. Combined calling: sniffles --input sample1.snf sample2.snf ... sampleN.snf --vcf multisample.vcf

    ... OR, using a .tsv file containing a list of .snf files, and custom sample ids in an optional second column (one sample per line):
    Step 2. Combined calling: sniffles --input snf_files_list.tsv --vcf multisample.vcf

 Usage example C - Determine genotypes for a set of known SVs (force calling):
    sniffles --input sample.bam --genotype-vcf input_known_svs.vcf --vcf output_genotypes.vcf
    

 Use --help for full parameter/usage information
 
sniffles: error: unrecognized arguments: -output-rnames
