0
chr18-------telomere_count:0 coverage_rate:0
0
chr21-------telomere_count:0 coverage_rate:0
.000003643198276330031502735495
chr13-------telomere_count:10 coverage_rate:.000003643198276330031502735495
0
chr14-------telomere_count:0 coverage_rate:0
.000012998088861644149224768822
chr20-------telomere_count:31 coverage_rate:.000012998088861644149224768822
0
chr19-------telomere_count:0 coverage_rate:0
.000027504460055423370878805176
chrX-------telomere_count:73 coverage_rate:.000027504460055423370878805176
.000109350184342540764655221055
chr22-------telomere_count:250 coverage_rate:.000109350184342540764655221055
0
chr17-------telomere_count:0 coverage_rate:0
0
chr16-------telomere_count:0 coverage_rate:0
.000015359910298123858956663693
chr12-------telomere_count:64 coverage_rate:.000015359910298123858956663693
.000043946689209507693386418300
chr9-------telomere_count:178 coverage_rate:.000043946689209507693386418300
0
chr15-------telomere_count:0 coverage_rate:0
.000030869725047364997973437897
chr11-------telomere_count:131 coverage_rate:.000030869725047364997973437897
0
chr4-------telomere_count:0 coverage_rate:0
.000001891637543330322476910199
chr8-------telomere_count:8 coverage_rate:.000001891637543330322476910199
.000003117635236261672686127500
chr6-------telomere_count:15 coverage_rate:.000003117635236261672686127500
.000000610347961407291501576020
chr5-------telomere_count:3 coverage_rate:.000000610347961407291501576020
.000008870870155026416996405250
chr10-------telomere_count:39 coverage_rate:.000008870870155026416996405250
.000000586046696982211138559801
chr7-------telomere_count:3 coverage_rate:.000000586046696982211138559801
.000002383357127181986366830562
chr3-------telomere_count:13 coverage_rate:.000002383357127181986366830562
.000001845543353516952593385913
chr2-------telomere_count:13 coverage_rate:.000001845543353516952593385913
.000000386782856236680165388349
chr1-------telomere_count:3 coverage_rate:.000000386782856236680165388349
0
chr21-------telomere_count:0 coverage_rate:0
.000013723603731664543119562924
chrX-------telomere_count:19 coverage_rate:.000013723603731664543119562924
.000089073862196592156892857965
chr22-------telomere_count:174 coverage_rate:.000089073862196592156892857965
0
chr18-------telomere_count:0 coverage_rate:0
0
chr13-------telomere_count:0 coverage_rate:0
.000014950011501863687724159749
chr20-------telomere_count:31 coverage_rate:.000014950011501863687724159749
0
chr15-------telomere_count:0 coverage_rate:0
0
chr19-------telomere_count:0 coverage_rate:0
.000048390666728896873189823986
chr9-------telomere_count:169 coverage_rate:.000048390666728896873189823986
0
chr17-------telomere_count:0 coverage_rate:0
.000011226590553946707909239965
chr11-------telomere_count:42 coverage_rate:.000011226590553946707909239965
0
chr14-------telomere_count:0 coverage_rate:0
0
chr16-------telomere_count:0 coverage_rate:0
.000013794009991731708128485523
chr12-------telomere_count:51 coverage_rate:.000013794009991731708128485523
0
chr10-------telomere_count:0 coverage_rate:0
.000002095106893965350799863463
chr2-------telomere_count:13 coverage_rate:.000002095106893965350799863463
0
chr1-------telomere_count:0 coverage_rate:0
0
chr14-------telomere_count:0 coverage_rate:0
0
chr13-------telomere_count:0 coverage_rate:0
.000047011071267185025023001845
chr9-------telomere_count:147 coverage_rate:.000047011071267185025023001845
.000005939205108666666270719659
chr11-------telomere_count:20 coverage_rate:.000005939205108666666270719659
