supported reads:2
chr16-------modifis_grow:0.63
chr18-------modifis_grow:0.59
chr3-------modifis_grow:0.62
chr21-------modifis_grow:0.59
chr19-------modifis_grow:0.63
chr17-------modifis_grow:0.59
chr10-------modifis_grow:0.58
chr22-------modifis_grow:0.61
chr11-------modifis_grow:0.58
chr1-------modifis_grow:0.62
chr15-------modifis_grow:0.61
chrX-------modifis_grow:0.67
chr16-------modifis_disappear:0.55
chrY-------modifis_grow:0.86
chr20-------modifis_grow:0.58
chr13-------modifis_grow:0.60
chr18-------modifis_disappear:0.55
chr9-------modifis_grow:0.62
chr5-------modifis_grow:0.61
chr14-------modifis_grow:0.62
chr8-------modifis_grow:0.59
chr7-------modifis_grow:0.61
chr6-------modifis_grow:0.60
chr22-------modifis_disappear:0.56
chr12-------modifis_grow:0.63
chr4-------modifis_grow:0.63
chr2-------modifis_grow:0.58
chr3-------modifis_disappear:0.59
chrX-------modifis_disappear:0.70
chr10-------modifis_disappear:0.54
chr15-------modifis_disappear:0.57
chr11-------modifis_disappear:0.55
chr21-------modifis_disappear:0.55
chr17-------modifis_disappear:0.54
chr20-------modifis_disappear:0.53
chr19-------modifis_disappear:0.58
chr13-------modifis_disappear:0.57
chr1-------modifis_disappear:0.57
chrY-------modifis_disappear:0.84
chr5-------modifis_disappear:0.58
chr9-------modifis_disappear:0.56
chr6-------modifis_disappear:0.57
chr14-------modifis_disappear:0.58
chr4-------modifis_disappear:0.61
chr12-------modifis_disappear:0.60
chr2-------modifis_disappear:0.55
chr8-------modifis_disappear:0.56
chr7-------modifis_disappear:0.58
chr21-------all:0.57
chr18-------all:0.57
chrY-------all:0.83
chr20-------all:0.57
chr13-------all:0.59
chr22-------all:0.58
chrX-------all:0.70
chr10-------all:0.57
chr15-------all:0.59
chr16-------all:0.58
chr3-------all:0.62
chr14-------all:0.61
chr12-------all:0.63
chr19-------all:0.62
chr8-------all:0.59
chr17-------all:0.58
chr11-------all:0.57
chr5-------all:0.61
chr6-------all:0.60
chr9-------all:0.60
chr4-------all:0.63
chr7-------all:0.60
chr2-------all:0.58
chr1-------all:0.61
supported reads:4
chr6-------modifis_grow:0.62
chr18-------modifis_grow:0.60
chrX-------modifis_grow:0.71
chr8-------modifis_grow:0.61
chr11-------modifis_grow:0.60
chr21-------modifis_grow:0.61
chr14-------modifis_grow:0.63
chr16-------modifis_grow:0.62
chr13-------modifis_grow:0.62
chr22-------modifis_grow:0.62
chr3-------modifis_grow:0.63
chr19-------modifis_grow:0.66
chr10-------modifis_grow:0.60
chrY-------modifis_grow:0.85
chr9-------modifis_grow:0.62
chr17-------modifis_grow:0.61
chr20-------modifis_grow:0.60
chr7-------modifis_grow:0.63
chr4-------modifis_grow:0.65
chr15-------modifis_grow:0.62
chr2-------modifis_grow:0.60
chr1-------modifis_grow:0.63
chr12-------modifis_grow:0.65
chr5-------modifis_grow:0.63
chr8-------modifis_disappear:0.57
chr13-------modifis_disappear:0.59
chr11-------modifis_disappear:0.56
chr9-------modifis_disappear:0.57
chrX-------modifis_disappear:0.75
chr21-------modifis_disappear:0.57
chr18-------modifis_disappear:0.56
chr6-------modifis_disappear:0.59
chr17-------modifis_disappear:0.56
chr16-------modifis_disappear:0.57
chr22-------modifis_disappear:0.58
chr14-------modifis_disappear:0.59
chr20-------modifis_disappear:0.55
chr4-------modifis_disappear:0.63
chr19-------modifis_disappear:0.60
chr3-------modifis_disappear:0.60
chrY-------modifis_disappear:0.87
chr12-------modifis_disappear:0.62
chr2-------modifis_disappear:0.56
chr7-------modifis_disappear:0.60
chr10-------modifis_disappear:0.56
chr15-------modifis_disappear:0.58
chr1-------modifis_disappear:0.59
chr5-------modifis_disappear:0.60
chrY-------all:0.84
chr21-------all:0.59
chr18-------all:0.59
chrX-------all:0.75
chr20-------all:0.58
chr13-------all:0.61
chr22-------all:0.60
chr9-------all:0.61
chr8-------all:0.60
chr16-------all:0.60
chr6-------all:0.62
chr14-------all:0.62
chr19-------all:0.64
chr15-------all:0.61
chr11-------all:0.59
chr4-------all:0.64
chr17-------all:0.60
chr5-------all:0.63
chr12-------all:0.65
chr10-------all:0.59
chr3-------all:0.63
chr7-------all:0.62
chr2-------all:0.60
chr1-------all:0.63
supported reads:5
chr20-------modifis_grow:0.61
chr13-------modifis_grow:0.63
chr8-------modifis_grow:0.62
chr17-------modifis_grow:0.62
chr16-------modifis_grow:0.63
chr4-------modifis_grow:0.65
chr21-------modifis_grow:0.62
chrY-------modifis_grow:0.86
chr1-------modifis_grow:0.64
chr18-------modifis_grow:0.61
chr9-------modifis_grow:0.63
chr3-------modifis_grow:0.64
chr14-------modifis_grow:0.64
chr19-------modifis_grow:0.67
chr13-------modifis_disappear:0.61
chrX-------modifis_grow:0.74
chr20-------modifis_disappear:0.56
chr6-------modifis_grow:0.63
chr4-------modifis_disappear:0.64
chr17-------modifis_disappear:0.57
chr8-------modifis_disappear:0.59
chr11-------modifis_grow:0.61
chr15-------modifis_grow:0.62
chr7-------modifis_grow:0.64
chr2-------modifis_grow:0.61
chr21-------modifis_disappear:0.58
chr22-------modifis_grow:0.64
chr19-------modifis_disappear:0.62
chr5-------modifis_grow:0.64
chrX-------modifis_disappear:0.79
chr10-------modifis_grow:0.61
chr12-------modifis_grow:0.66
chr16-------modifis_disappear:0.59
chr1-------modifis_disappear:0.61
chr3-------modifis_disappear:0.62
chr15-------modifis_disappear:0.59
chr2-------modifis_disappear:0.58
chr18-------modifis_disappear:0.58
chrY-------modifis_disappear:0.88
chr9-------modifis_disappear:0.59
chr6-------modifis_disappear:0.60
chr11-------modifis_disappear:0.58
chr14-------modifis_disappear:0.61
chr7-------modifis_disappear:0.61
chr12-------modifis_disappear:0.63
chr20-------all:0.60
chr22-------modifis_disappear:0.60
chrX-------all:0.78
chr10-------modifis_disappear:0.58
chr5-------modifis_disappear:0.62
chrY-------all:0.86
chr13-------all:0.63
chr8-------all:0.62
chr21-------all:0.60
chr17-------all:0.62
chr4-------all:0.66
chr18-------all:0.60
chr14-------all:0.64
chr16-------all:0.62
chr11-------all:0.61
chr3-------all:0.64
chr19-------all:0.67
chr22-------all:0.62
chr15-------all:0.62
chr7-------all:0.64
chr6-------all:0.63
chr9-------all:0.62
chr12-------all:0.66
chr5-------all:0.64
chr10-------all:0.61
chr1-------all:0.64
chr2-------all:0.61
