0
chr21-------telomere_count:0 coverage_rate:0
0
chr15-------telomere_count:0 coverage_rate:0
.005930984902947519769949676491
chr20-------telomere_count:33 coverage_rate:.005930984902947519769949676491
0
chr13-------telomere_count:0 coverage_rate:0
.030200468627961468367612600885
chr22-------telomere_count:232 coverage_rate:.030200468627961468367612600885
0
chr18-------telomere_count:0 coverage_rate:0
0
chr14-------telomere_count:0 coverage_rate:0
.031529253077052773562636992075
chr9-------telomere_count:187 coverage_rate:.031529253077052773562636992075
.011978771796815769522365428354
chr16-------telomere_count:79 coverage_rate:.011978771796815769522365428354
.003049874416935773232866881951
chr17-------telomere_count:17 coverage_rate:.003049874416935773232866881951
.009836914315298990421951850893
chrX-------telomere_count:76 coverage_rate:.009836914315298990421951850893
.002376836646499567847882454624
chr8-------telomere_count:11 coverage_rate:.002376836646499567847882454624
.000168406871000336813742000673
chr19-------telomere_count:1 coverage_rate:.000168406871000336813742000673
.029634983736899168774846404047
chr11-------telomere_count:164 coverage_rate:.029634983736899168774846404047
.003718788737382681069594474942
chr10-------telomere_count:21 coverage_rate:.003718788737382681069594474942
.003421052631578947368421052631
chr3-------telomere_count:13 coverage_rate:.003421052631578947368421052631
.000421496311907270811380400421
chr5-------telomere_count:2 coverage_rate:.000421496311907270811380400421
.015106431677729457541771572442
chr12-------telomere_count:66 coverage_rate:.015106431677729457541771572442
.003168376584188292094146047073
chr7-------telomere_count:21 coverage_rate:.003168376584188292094146047073
.003449019185169217503772364733
chr6-------telomere_count:16 coverage_rate:.003449019185169217503772364733
0
chr4-------telomere_count:0 coverage_rate:0
.002528445006321112515802781289
chr1-------telomere_count:16 coverage_rate:.002528445006321112515802781289
.003357753357753357753357753357
chr2-------telomere_count:22 coverage_rate:.003357753357753357753357753357
0
chr21-------telomere_count:0 coverage_rate:0
.019786513928664410309815152304
chr22-------telomere_count:152 coverage_rate:.019786513928664410309815152304
.002070929329536629562516179135
chrX-------telomere_count:16 coverage_rate:.002070929329536629562516179135
0
chr18-------telomere_count:0 coverage_rate:0
0
chr13-------telomere_count:0 coverage_rate:0
.005930984902947519769949676491
chr20-------telomere_count:33 coverage_rate:.005930984902947519769949676491
.003017891787023065315800819142
chr6-------telomere_count:14 coverage_rate:.003017891787023065315800819142
0
chr15-------telomere_count:0 coverage_rate:0
.001516300227445034116755117513
chr16-------telomere_count:10 coverage_rate:.001516300227445034116755117513
.030180408025628055977069634125
chr9-------telomere_count:179 coverage_rate:.030180408025628055977069634125
.002414001207000603500301750150
chr7-------telomere_count:16 coverage_rate:.002414001207000603500301750150
.002160760587726879861711322385
chr8-------telomere_count:10 coverage_rate:.002160760587726879861711322385
0
chr14-------telomere_count:0 coverage_rate:0
.013504234378576333257038223849
chr12-------telomere_count:59 coverage_rate:.013504234378576333257038223849
0
chr19-------telomere_count:0 coverage_rate:0
0
chr10-------telomere_count:0 coverage_rate:0
.000358808754933620380337280229
chr17-------telomere_count:2 coverage_rate:.000358808754933620380337280229
.011203469461510661366100469822
chr11-------telomere_count:62 coverage_rate:.011203469461510661366100469822
0
chr5-------telomere_count:0 coverage_rate:0
.000789473684210526315789473684
chr3-------telomere_count:3 coverage_rate:.000789473684210526315789473684
0
chr4-------telomere_count:0 coverage_rate:0
.003357753357753357753357753357
chr2-------telomere_count:22 coverage_rate:.003357753357753357753357753357
.000158027812895069532237673830
chr1-------telomere_count:1 coverage_rate:.000158027812895069532237673830
0
chr21-------telomere_count:0 coverage_rate:0
.000906031581672275433600828371
chrX-------telomere_count:7 coverage_rate:.000906031581672275433600828371
0
chr18-------telomere_count:0 coverage_rate:0
.013798489976568601926581619369
chr22-------telomere_count:106 coverage_rate:.013798489976568601926581619369
0
chr19-------telomere_count:0 coverage_rate:0
.005751258087706685837526959022
chr20-------telomere_count:32 coverage_rate:.005751258087706685837526959022
0
chr13-------telomere_count:0 coverage_rate:0
0
chr16-------telomere_count:0 coverage_rate:0
0
chr14-------telomere_count:0 coverage_rate:0
0
chr15-------telomere_count:0 coverage_rate:0
0
chr17-------telomere_count:0 coverage_rate:0
.004878930249367546078785688471
chr11-------telomere_count:27 coverage_rate:.004878930249367546078785688471
.012130922407873655298695353627
chr12-------telomere_count:53 coverage_rate:.012130922407873655298695353627
.027145506659922441409543078738
chr9-------telomere_count:161 coverage_rate:.027145506659922441409543078738
0
chr10-------telomere_count:0 coverage_rate:0
0
chr3-------telomere_count:0 coverage_rate:0
0
chr5-------telomere_count:0 coverage_rate:0
.001940073291657684845871955162
chr6-------telomere_count:9 coverage_rate:.001940073291657684845871955162
0
chr4-------telomere_count:0 coverage_rate:0
.001512532411408815903197925669
chr8-------telomere_count:7 coverage_rate:.001512532411408815903197925669
.001659625829812914906457453228
chr7-------telomere_count:11 coverage_rate:.001659625829812914906457453228
0
chr1-------telomere_count:0 coverage_rate:0
.003357753357753357753357753357
chr2-------telomere_count:22 coverage_rate:.003357753357753357753357753357
