supported reads:2
chr1-------modifis_grow\t100133\t1062799\tcoverage_rate:.094216
chr1-------modifis_disappear\t25922\t372946\tcoverage_rate:.069506
chr1-------all\t516447\t7797552\tcoverage_rate:.066231
chr2-------modifis_grow\t60247\t942435\tcoverage_rate:.063926
chr2-------modifis_disappear\t20897\t337103\tcoverage_rate:.061989
chr2-------all\t405081\t7115682\tcoverage_rate:.056927
chr3-------modifis_grow\t35766\t731019\tcoverage_rate:.048926
chr3-------modifis_disappear\t11673\t257687\tcoverage_rate:.045299
chr3-------all\t255364\t5505665\tcoverage_rate:.046382
chr4-------modifis_grow\t47385\t646211\tcoverage_rate:.073327
chr4-------modifis_disappear\t15766\t228063\tcoverage_rate:.069130
chr4-------all\t306289\t4892684\tcoverage_rate:.062601
chr5-------modifis_grow\t38502\t663369\tcoverage_rate:.058040
chr5-------modifis_disappear\t13262\t237050\tcoverage_rate:.055946
chr5-------all\t240173\t4965432\tcoverage_rate:.048369
chr6-------modifis_grow\t30884\t640649\tcoverage_rate:.048207
chr6-------modifis_disappear\t10596\t227696\tcoverage_rate:.046535
chr6-------all\t222450\t4857905\tcoverage_rate:.045791
chr7-------modifis_grow\t64366\t675472\tcoverage_rate:.095290
chr7-------modifis_disappear\t24674\t250635\tcoverage_rate:.098445
chr7-------all\t431414\t5148191\tcoverage_rate:.083799
chr8-------modifis_grow\t48051\t563408\tcoverage_rate:.085286
chr8-------modifis_disappear\t16553\t206308\tcoverage_rate:.080234
chr8-------all\t350951\t4274722\tcoverage_rate:.082099
chr9-------modifis_grow\t94192\t564512\tcoverage_rate:.166855
chr9-------modifis_disappear\t20822\t195436\tcoverage_rate:.106541
chr9-------all\t470982\t4090602\tcoverage_rate:.115137
chr10-------modifis_grow\t51713\t586440\tcoverage_rate:.088181
chr10-------modifis_disappear\t17160\t214873\tcoverage_rate:.079861
chr10-------all\t329773\t4417289\tcoverage_rate:.074655
chr11-------modifis_grow\t55299\t568933\tcoverage_rate:.097197
chr11-------modifis_disappear\t20839\t214469\tcoverage_rate:.097165
chr11-------all\t365142\t4288355\tcoverage_rate:.085147
chr12-------modifis_grow\t44069\t558034\tcoverage_rate:.078971
chr12-------modifis_disappear\t15522\t199881\tcoverage_rate:.077656
chr12-------all\t302796\t4200224\tcoverage_rate:.072090
chr13-------modifis_grow\t52311\t363566\tcoverage_rate:.143883
chr13-------modifis_disappear\t19097\t129374\tcoverage_rate:.147610
chr13-------all\t371800\t2774736\tcoverage_rate:.133994
chr14-------modifis_grow\t85929\t432872\tcoverage_rate:.198509
chr14-------modifis_disappear\t32139\t157632\tcoverage_rate:.203886
chr14-------all\t566449\t3193140\tcoverage_rate:.177395
chr15-------modifis_grow\t97863\t450663\tcoverage_rate:.217153
chr15-------modifis_disappear\t29104\t160432\tcoverage_rate:.181410
chr15-------all\t618643\t3315326\tcoverage_rate:.186600
chr16-------modifis_grow\t123084\t521133\tcoverage_rate:.236185
chr16-------modifis_disappear\t34064\t189763\tcoverage_rate:.179508
chr16-------all\t640118\t3776527\tcoverage_rate:.169499
chr17-------modifis_grow\t64907\t492001\tcoverage_rate:.131924
chr17-------modifis_disappear\t23146\t188222\tcoverage_rate:.122971
chr17-------all\t457914\t3820975\tcoverage_rate:.119842
chr18-------modifis_grow\t61086\t301201\tcoverage_rate:.202808
chr18-------modifis_disappear\t20353\t107436\tcoverage_rate:.189443
chr18-------all\t411778\t2257718\tcoverage_rate:.182386
chr19-------modifis_grow\t61589\t437674\tcoverage_rate:.140718
chr19-------modifis_disappear\t24629\t176148\tcoverage_rate:.139819
chr19-------all\t424700\t3458860\tcoverage_rate:.122786
chr20-------modifis_grow\t73366\t319489\tcoverage_rate:.229635
chr20-------modifis_disappear\t25742\t120685\tcoverage_rate:.213299
chr20-------all\t514452\t2410606\tcoverage_rate:.213411
chr21-------modifis_grow\t91817\t219120\tcoverage_rate:.419026
chr21-------modifis_disappear\t33060\t82602\tcoverage_rate:.400232
chr21-------all\t590996\t1609905\tcoverage_rate:.367099
chr22-------modifis_grow\t111780\t313258\tcoverage_rate:.356830
chr22-------modifis_disappear\t40203\t120959\tcoverage_rate:.332368
chr22-------all\t706914\t2312478\tcoverage_rate:.305695
chrX-------modifis_grow\t34789\t454185\tcoverage_rate:.076596
chrX-------modifis_disappear\t5883\t86948\tcoverage_rate:.067661
chrX-------all\t177110\t2679907\tcoverage_rate:.066088
supported reads:4
chr1-------modifis_grow\t75429\t945044\tcoverage_rate:.079815
chr1-------modifis_disappear\t21793\t325896\tcoverage_rate:.066871
chr1-------all\t412775\t6879997\tcoverage_rate:.059996
chr2-------modifis_grow\t50502\t846240\tcoverage_rate:.059678
chr2-------modifis_disappear\t18112\t293999\tcoverage_rate:.061605
chr2-------all\t348263\t6278825\tcoverage_rate:.055466
chr3-------modifis_grow\t28599\t665567\tcoverage_rate:.042969
chr3-------modifis_disappear\t9382\t225317\tcoverage_rate:.041639
chr3-------all\t209316\t4904337\tcoverage_rate:.042679
chr4-------modifis_grow\t36943\t575808\tcoverage_rate:.064158
chr4-------modifis_disappear\t12905\t196568\tcoverage_rate:.065651
chr4-------all\t254916\t4286334\tcoverage_rate:.059471
chr5-------modifis_grow\t31989\t593286\tcoverage_rate:.053918
chr5-------modifis_disappear\t11534\t205504\tcoverage_rate:.056125
chr5-------all\t205176\t4364734\tcoverage_rate:.047007
chr6-------modifis_grow\t27425\t579646\tcoverage_rate:.047313
chr6-------modifis_disappear\t9152\t198830\tcoverage_rate:.046029
chr6-------all\t195754\t4309673\tcoverage_rate:.045422
chr7-------modifis_grow\t54897\t601843\tcoverage_rate:.091214
chr7-------modifis_disappear\t21895\t217112\tcoverage_rate:.100846
chr7-------all\t377364\t4526445\tcoverage_rate:.083368
chr8-------modifis_grow\t40381\t499745\tcoverage_rate:.080803
chr8-------modifis_disappear\t13883\t177790\tcoverage_rate:.078086
chr8-------all\t296568\t3731082\tcoverage_rate:.079485
chr9-------modifis_grow\t55081\t477734\tcoverage_rate:.115296
chr9-------modifis_disappear\t16116\t167811\tcoverage_rate:.096036
chr9-------all\t337963\t3531085\tcoverage_rate:.095710
chr10-------modifis_grow\t44569\t522186\tcoverage_rate:.085350
chr10-------modifis_disappear\t15086\t186367\tcoverage_rate:.080947
chr10-------all\t286896\t3877944\tcoverage_rate:.073981
chr11-------modifis_grow\t49859\t511811\tcoverage_rate:.097416
chr11-------modifis_disappear\t18664\t186820\tcoverage_rate:.099903
chr11-------all\t327736\t3787926\tcoverage_rate:.086521
chr12-------modifis_grow\t39135\t504237\tcoverage_rate:.077612
chr12-------modifis_disappear\t13570\t174701\tcoverage_rate:.077675
chr12-------all\t267010\t3731475\tcoverage_rate:.071556
chr13-------modifis_grow\t39636\t317510\tcoverage_rate:.124833
chr13-------modifis_disappear\t15704\t110670\tcoverage_rate:.141899
chr13-------all\t303872\t2403295\tcoverage_rate:.126439
chr14-------modifis_grow\t62987\t376278\tcoverage_rate:.167394
chr14-------modifis_disappear\t26415\t136358\tcoverage_rate:.193718
chr14-------all\t455537\t2786509\tcoverage_rate:.163479
chr15-------modifis_grow\t67094\t387376\tcoverage_rate:.173201
chr15-------modifis_disappear\t23601\t138781\tcoverage_rate:.170059
chr15-------all\t494436\t2896807\tcoverage_rate:.170683
chr16-------modifis_grow\t75275\t428381\tcoverage_rate:.175719
chr16-------modifis_disappear\t27132\t161851\tcoverage_rate:.167635
chr16-------all\t472289\t3219574\tcoverage_rate:.146693
chr17-------modifis_grow\t52254\t435912\tcoverage_rate:.119872
chr17-------modifis_disappear\t19259\t163706\tcoverage_rate:.117643
chr17-------all\t380969\t3372094\tcoverage_rate:.112976
chr18-------modifis_grow\t50434\t265429\tcoverage_rate:.190009
chr18-------modifis_disappear\t17558\t92726\tcoverage_rate:.189353
chr18-------all\t354867\t1973236\tcoverage_rate:.179840
chr19-------modifis_grow\t52398\t384865\tcoverage_rate:.136146
chr19-------modifis_disappear\t21348\t153654\tcoverage_rate:.138935
chr19-------all\t364381\t3042757\tcoverage_rate:.119753
chr20-------modifis_grow\t60327\t279200\tcoverage_rate:.216070
chr20-------modifis_disappear\t21707\t103593\tcoverage_rate:.209541
chr20-------all\t434076\t2093554\tcoverage_rate:.207339
chr21-------modifis_grow\t57308\t168811\tcoverage_rate:.339480
chr21-------modifis_disappear\t25877\t68432\tcoverage_rate:.378141
chr21-------all\t439244\t1321291\tcoverage_rate:.332435
chr22-------modifis_grow\t83654\t260937\tcoverage_rate:.320590
chr22-------modifis_disappear\t33544\t102986\tcoverage_rate:.325714
chr22-------all\t571794\t1972830\tcoverage_rate:.289834
chrX-------modifis_grow\t15666\t236962\tcoverage_rate:.066111
chrX-------modifis_disappear\t2663\t46702\tcoverage_rate:.057021
chrX-------all\t81565\t1409580\tcoverage_rate:.057864
supported reads:5
chr1-------modifis_grow\t67952\t887559\tcoverage_rate:.076560
chr1-------modifis_disappear\t19280\t286957\tcoverage_rate:.067187
chr1-------all\t365011\t6228038\tcoverage_rate:.058607
chr2-------modifis_grow\t46089\t795205\tcoverage_rate:.057958
chr2-------modifis_disappear\t15775\t257371\tcoverage_rate:.061292
chr2-------all\t310586\t5662959\tcoverage_rate:.054845
skip--chr3:modifis_grow
skip--chr3:modifis_disappear
skip--chr3:all
skip--chr4:modifis_grow
skip--chr4:modifis_disappear
skip--chr4:all
skip--chr5:modifis_grow
skip--chr5:modifis_disappear
skip--chr5:all
skip--chr6:modifis_grow
skip--chr6:modifis_disappear
skip--chr6:all
skip--chr7:modifis_grow
skip--chr7:modifis_disappear
skip--chr7:all
skip--chr8:modifis_grow
skip--chr8:modifis_disappear
skip--chr8:all
chr9-------modifis_grow\t45302\t441916\tcoverage_rate:.102512
chr9-------modifis_disappear\t13476\t146006\tcoverage_rate:.092297
chr9-------all\t284444\t3162666\tcoverage_rate:.089938
chr10-------modifis_grow\t41374\t489886\tcoverage_rate:.084456
chr10-------modifis_disappear\t13391\t163036\tcoverage_rate:.082135
chr10-------all\t258729\t3494056\tcoverage_rate:.074048
chr11-------modifis_grow\t46983\t480521\tcoverage_rate:.097775
chr11-------modifis_disappear\t16837\t163495\tcoverage_rate:.102981
chr11-------all\t301239\t3415601\tcoverage_rate:.088195
chr12-------modifis_grow\t36347\t475774\tcoverage_rate:.076395
chr12-------modifis_disappear\t11965\t153729\tcoverage_rate:.077831
chr12-------all\t241835\t3387926\tcoverage_rate:.071381
chr13-------modifis_grow\t35423\t296080\tcoverage_rate:.119639
chr13-------modifis_disappear\t13513\t96248\tcoverage_rate:.140397
chr13-------all\t269226\t2151190\tcoverage_rate:.125152
chr14-------modifis_grow\t54838\t349783\tcoverage_rate:.156777
chr14-------modifis_disappear\t22660\t119194\tcoverage_rate:.190110
chr14-------all\t398781\t2507234\tcoverage_rate:.159052
chr15-------modifis_grow\t59826\t361808\tcoverage_rate:.165352
chr15-------modifis_disappear\t20828\t122034\tcoverage_rate:.170673
chr15-------all\t449203\t2627498\tcoverage_rate:.170962
chr16-------modifis_grow\t62542\t391959\tcoverage_rate:.159562
chr16-------modifis_disappear\t22712\t140294\tcoverage_rate:.161888
chr16-------all\t400633\t2868644\tcoverage_rate:.139659
chr17-------modifis_grow\t47650\t408593\tcoverage_rate:.116619
chr17-------modifis_disappear\t16696\t144151\tcoverage_rate:.115822
chr17-------all\t339382\t3058914\tcoverage_rate:.110948
skip--chr18:modifis_grow
skip--chr18:modifis_disappear
skip--chr18:all
chr19-------modifis_grow\t48262\t358250\tcoverage_rate:.134715
chr19-------modifis_disappear\t18767\t135198\tcoverage_rate:.138811
chr19-------all\t325891\t2750907\tcoverage_rate:.118466
skip--chr20:modifis_grow
skip--chr20:modifis_disappear
skip--chr20:all
chr21-------modifis_grow\t49723\t153170\tcoverage_rate:.324626
chr21-------modifis_disappear\t22258\t59042\tcoverage_rate:.376985
chr21-------all\t385587\t1170759\tcoverage_rate:.329347
chr22-------modifis_grow\t74578\t238986\tcoverage_rate:.312060
chr22-------modifis_disappear\t29239\t89542\tcoverage_rate:.326539
chr22-------all\t506581\t1761509\tcoverage_rate:.287583
chrX-------modifis_grow\t9957\t157899\tcoverage_rate:.063059
chrX-------modifis_disappear\t1585\t30144\tcoverage_rate:.052580
chrX-------all\t49532\t901298\tcoverage_rate:.054956
