supported reads:2
chr2-------modifis_grow:0.60
chrY-------modifis_disappear:0.87
chr6-------modifis_disappear:0.59
chr9-------modifis_grow:0.62
chr3-------modifis_disappear:0.61
chr22-------modifis_disappear:0.57
chr18-------modifis_disappear:0.57
chr1-------modifis_grow:0.63
chr4-------modifis_disappear:0.63
chr19-------modifis_disappear:0.60
chr12-------modifis_disappear:0.62
chr14-------modifis_disappear:0.60
chr13-------modifis_disappear:0.60
chr8-------modifis_disappear:0.58
chr10-------modifis_disappear:0.57
chrY-------all:0.84
chrY-------modifis_grow:0.86
chr5-------modifis_disappear:0.61
chr11-------modifis_disappear:0.57
chr2-------modifis_disappear:0.57
chr13-------modifis_grow:0.61
chr22-------modifis_grow:0.60
chr21-------modifis_grow:0.59
chrX-------all:0.75
chrX-------modifis_grow:0.67
chr18-------modifis_grow:0.59
chr15-------modifis_grow:0.61
chr21-------all:0.59
chr9-------modifis_disappear:0.57
chr7-------modifis_disappear:0.60
chr17-------modifis_grow:0.59
chr16-------modifis_grow:0.63
chr6-------modifis_grow:0.60
chr20-------modifis_grow:0.58
chr9-------modifis_grow:0.62
chr8-------modifis_grow:0.59
chr20-------all:0.59
chr7-------modifis_grow:0.61
chr4-------modifis_grow:0.63
chr5-------modifis_grow:0.61
chr14-------modifis_grow:0.62
chr10-------modifis_grow:0.58
chr11-------modifis_grow:0.58
chr3-------modifis_grow:0.62
chr19-------modifis_grow:0.63
chr12-------modifis_grow:0.63
chr2-------modifis_grow:0.58
chr1-------modifis_disappear:0.59
chrY-------modifis_disappear:0.84
chr1-------modifis_grow:0.62
chr22-------modifis_disappear:0.56
chr7-------modifis_disappear:0.58
chr21-------modifis_disappear:0.55
chr4-------modifis_disappear:0.62
chr9-------modifis_disappear:0.56
chr18-------modifis_disappear:0.55
chr20-------modifis_disappear:0.54
chr15-------modifis_disappear:0.57
chr16-------modifis_disappear:0.56
chrX-------modifis_disappear:0.70
chr8-------modifis_disappear:0.56
chr6-------modifis_disappear:0.57
chr17-------modifis_disappear:0.54
chr5-------modifis_disappear:0.59
chr13-------modifis_disappear:0.58
chr18-------all:0.59
chr22-------all:0.60
chr14-------all:0.62
chr16-------all:0.60
chr15-------all:0.61
chr19-------modifis_disappear:0.58
chr14-------modifis_disappear:0.58
chr11-------modifis_disappear:0.55
chr10-------modifis_disappear:0.55
chr3-------modifis_disappear:0.59
chr13-------all:0.61
chr17-------all:0.61
chr10-------all:0.59
chr19-------all:0.65
chr8-------all:0.60
chr4-------all:0.65
chr6-------all:0.62
chr3-------all:0.63
chr12-------modifis_disappear:0.60
chr2-------modifis_disappear:0.55
chr11-------all:0.59
chr12-------all:0.65
chr9-------all:0.61
chr5-------all:0.63
chr2-------all:0.60
chr13-------all:0.59
chr21-------all:0.57
chr18-------all:0.57
chr1-------modifis_disappear:0.58
chr15-------all:0.60
chr20-------all:0.57
chrY-------all:0.83
chr22-------all:0.58
chrX-------all:0.70
chr14-------all:0.61
chr9-------all:0.60
chr19-------all:0.62
chr4-------all:0.63
chr17-------all:0.59
chr7-------all:0.60
chr5-------all:0.61
chr16-------all:0.59
chr8-------all:0.59
chr11-------all:0.57
chr6-------all:0.60
chr3-------all:0.62
chr10-------all:0.57
chr12-------all:0.63
chr2-------all:0.58
chr1-------all:0.61
supported reads:4
chr22-------modifis_grow:0.62
chr3-------modifis_grow:0.63
chr12-------modifis_grow:0.65
chr14-------modifis_grow:0.63
chr17-------modifis_grow:0.61
chr8-------modifis_grow:0.61
chr21-------modifis_grow:0.61
chr20-------modifis_grow:0.60
chr19-------modifis_grow:0.66
chr16-------modifis_grow:0.63
chrY-------modifis_grow:0.85
chrX-------modifis_grow:0.71
chr13-------modifis_grow:0.62
chr15-------modifis_grow:0.62
chr22-------modifis_disappear:0.57
chr6-------modifis_grow:0.62
chr4-------modifis_grow:0.64
chr7-------modifis_grow:0.63
chr9-------modifis_grow:0.62
chr18-------modifis_grow:0.60
chr1-------modifis_grow:0.63
chr5-------modifis_grow:0.63
chr2-------modifis_grow:0.60
chr11-------modifis_grow:0.60
chr10-------modifis_grow:0.60
chr21-------modifis_disappear:0.56
chr14-------modifis_disappear:0.60
chr16-------modifis_disappear:0.57
chr3-------modifis_disappear:0.61
chr15-------modifis_disappear:0.58
chrY-------modifis_disappear:0.87
chr18-------modifis_disappear:0.57
chr7-------modifis_disappear:0.60
chr19-------modifis_disappear:0.60
chr17-------modifis_disappear:0.56
chr20-------modifis_disappear:0.55
chr8-------modifis_disappear:0.58
chr12-------modifis_disappear:0.62
chr2-------modifis_disappear:0.57
chr13-------modifis_disappear:0.60
chr1-------modifis_disappear:0.59
chrX-------modifis_disappear:0.76
chr10-------modifis_disappear:0.57
chr4-------modifis_disappear:0.63
chr5-------modifis_disappear:0.61
chr6-------modifis_disappear:0.59
chr9-------modifis_disappear:0.57
chr11-------modifis_disappear:0.57
chrY-------all:0.84
chr21-------all:0.59
chrX-------all:0.75
chr22-------all:0.60
chr20-------all:0.59
chr18-------all:0.59
chr15-------all:0.61
chr16-------all:0.60
chr19-------all:0.65
chr13-------all:0.61
chr10-------all:0.59
chr3-------all:0.63
chr14-------all:0.62
chr12-------all:0.65
chr7-------all:0.63
chr17-------all:0.61
chr11-------all:0.59
chr8-------all:0.60
chr9-------all:0.61
chr6-------all:0.62
chr5-------all:0.63
chr4-------all:0.65
chr2-------all:0.60
chr1-------all:0.63
supported reads:5
chr20-------modifis_grow:0.61
chr13-------modifis_grow:0.63
chrY-------modifis_grow:0.86
chr15-------modifis_grow:0.62
chrX-------modifis_grow:0.74
chr19-------modifis_grow:0.67
chr18-------modifis_grow:0.61
chr7-------modifis_grow:0.65
chr21-------modifis_grow:0.62
chr8-------modifis_grow:0.62
chr4-------modifis_grow:0.65
chr22-------modifis_grow:0.63
chr16-------modifis_grow:0.64
chr10-------modifis_grow:0.62
chr6-------modifis_grow:0.63
chr14-------modifis_grow:0.64
chr5-------modifis_grow:0.64
chr11-------modifis_grow:0.61
chr3-------modifis_grow:0.64
chrY-------modifis_disappear:0.89
chr9-------modifis_grow:0.63
chr12-------modifis_grow:0.66
chr21-------modifis_disappear:0.58
chr19-------modifis_disappear:0.62
chr17-------modifis_grow:0.62
chr20-------modifis_disappear:0.57
chr4-------modifis_disappear:0.64
chr6-------modifis_disappear:0.61
chr1-------modifis_grow:0.64
chr10-------modifis_disappear:0.58
chrX-------modifis_disappear:0.80
chr7-------modifis_disappear:0.62
chr2-------modifis_grow:0.61
chr13-------modifis_disappear:0.61
chr11-------modifis_disappear:0.59
chr14-------modifis_disappear:0.61
chr18-------modifis_disappear:0.59
chr15-------modifis_disappear:0.59
chr8-------modifis_disappear:0.59
chr22-------modifis_disappear:0.59
chr5-------modifis_disappear:0.62
chr2-------modifis_disappear:0.59
chrY-------all:0.86
chr16-------modifis_disappear:0.59
chr3-------modifis_disappear:0.62
chr9-------modifis_disappear:0.59
chr17-------modifis_disappear:0.58
chr12-------modifis_disappear:0.64
chr1-------modifis_disappear:0.61
chrX-------all:0.79
chr21-------all:0.60
chr19-------all:0.67
chr20-------all:0.60
chr6-------all:0.63
chr18-------all:0.60
chr13-------all:0.63
chr15-------all:0.62
chr14-------all:0.64
chr22-------all:0.62
chr8-------all:0.62
chr10-------all:0.61
chr4-------all:0.66
chr16-------all:0.62
chr9-------all:0.62
chr7-------all:0.64
chr11-------all:0.61
chr17-------all:0.63
chr5-------all:0.64
chr3-------all:0.65
chr2-------all:0.61
chr12-------all:0.67
chr1-------all:0.64
