3
newData
DEL
INS
DEL
INS
DEL
INS
DEL
INS
DEL
INS
4
error
newData
DEL
error
error
error
error
error
error
error
error
error
error
error
error
error
error
error
error
error
error
error
error
error
error
error
error
INS
error
error
error
error
error
error
error
error
error
error
error
error
error
error
error
error
error
error
error
error
error
error
error
error
DEL
error
error
error
error
error
error
error
error
error
error
error
error
error
error
error
error
error
error
error
error
error
error
error
error
INS
error
error
error
error
error
error
error
error
error
error
error
error
error
error
error
error
error
error
error
error
error
error
error
error
DEL
error
error
error
error
error
error
error
error
error
error
error
error
error
error
error
error
error
error
error
error
error
error
error
error
INS
error
error
error
error
error
error
error
error
error
error
error
error
error
error
error
error
error
error
error
error
error
error
error
error
DEL
error
error
error
error
error
error
error
error
error
error
error
error
error
error
error
error
error
error
error
error
error
error
error
error
INS
error
error
error
error
error
error
error
error
error
error
error
error
error
error
error
error
error
error
error
error
error
error
error
error
DEL
error
error
error
error
error
error
error
error
error
error
error
error
error
error
error
error
error
error
error
error
error
error
error
error
INS
error
error
error
error
error
error
error
error
error
error
error
error
error
error
error
error
error
error
error
error
error
error
error
error
